2019-06-13 08:13:07 INFO  LeagueFixtureSimulator:43 - Wigan Warriors: 85.44985188364365 London Broncos: 71.23738844509205
2019-06-13 08:13:08 INFO  LeagueFixtureSimulator:43 - Salford Red Devils: 71.35365907684077 St Helens: 63.25891177839537
2019-06-13 08:13:08 INFO  LeagueFixtureSimulator:43 - Leeds Rhinos: 68.06103666438999 Catalan Dragons: 78.76890414438314
2019-06-13 08:13:09 INFO  LeagueFixtureSimulator:43 - Castleford Tigers: 59.59714867072119 Huddersfield Giants: 50.67942220451951
2019-06-13 08:13:09 INFO  LeagueFixtureSimulator:43 - Wakefield Wildcats: 57.873418601645824 Warrington Wolves: 73.4035379737071
2019-06-13 08:13:10 INFO  LeagueFixtureSimulator:43 - Hull KR: 66.72996704652869 Hull FC: 81.58260088001204
2019-06-13 08:13:18 INFO  LeagueFixtureSimulator:43 - Wigan Warriors: 63.54319355669799 Hull KR: 78.54454639783323
2019-06-13 08:13:19 INFO  LeagueFixtureSimulator:43 - London Broncos: 85.08346889135306 Leeds Rhinos: 58.080728686283294
2019-06-13 08:13:19 INFO  LeagueFixtureSimulator:43 - Castleford Tigers: 66.20847550825958 Warrington Wolves: 54.80980502885071
2019-06-13 08:13:20 INFO  LeagueFixtureSimulator:43 - Salford Red Devils: 87.08172229357676 Catalan Dragons: 54.992881015106114
2019-06-13 08:13:20 INFO  LeagueFixtureSimulator:43 - St Helens: 70.76008833236223 Wakefield Wildcats: 64.84843784626923
2019-06-13 08:13:21 INFO  LeagueFixtureSimulator:43 - Hull FC: 78.29895028620068 Huddersfield Giants: 77.96521631939503
2019-06-13 08:13:29 INFO  LeagueFixtureSimulator:43 - Wigan Warriors: 59.86696416024153 St Helens: 81.76257495260118
2019-06-13 08:13:29 INFO  LeagueFixtureSimulator:43 - London Broncos: 62.163360722101324 Warrington Wolves: 74.83560944604255
2019-06-13 08:13:30 INFO  LeagueFixtureSimulator:43 - Castleford Tigers: 71.28286006754426 Hull KR: 78.44726171065639
2019-06-13 08:13:30 INFO  LeagueFixtureSimulator:43 - Hull FC: 64.29553896386916 Wakefield Wildcats: 58.821964645159106
2019-06-13 08:13:31 INFO  LeagueFixtureSimulator:43 - Salford Red Devils: 90.75164649192766 Leeds Rhinos: 49.03602194463365
2019-06-13 08:13:31 INFO  LeagueFixtureSimulator:43 - Huddersfield Giants: 83.52364268517435 Catalan Dragons: 63.753959648707216
2019-06-13 08:13:36 INFO  LeagueFixtureSimulator:43 - Wigan Warriors: 88.35019102064273 Hull FC: 72.4124071171875
2019-06-13 08:13:36 INFO  LeagueFixtureSimulator:43 - London Broncos: 80.3906903307628 Castleford Tigers: 72.71035056286506
2019-06-13 08:13:37 INFO  LeagueFixtureSimulator:43 - Leeds Rhinos: 75.50774552781503 Hull KR: 85.03877456894838
2019-06-13 08:13:37 INFO  LeagueFixtureSimulator:43 - St Helens: 66.9920178544983 Catalan Dragons: 56.97041509346773
2019-06-13 08:13:38 INFO  LeagueFixtureSimulator:43 - Huddersfield Giants: 71.1544737618219 Warrington Wolves: 85.79075861905612
2019-06-13 08:13:38 INFO  LeagueFixtureSimulator:43 - Wakefield Wildcats: 70.02067420343234 Salford Red Devils: 63.78115700150796
2019-06-13 08:40:26 INFO  LeagueFixtureSimulator:43 - Home: 101.72579409285618 Away: 60.74117071270206
2019-06-13 08:40:26 INFO  LeagueFixtureSimulator:43 - Home: 83.17767900313717 Away: 61.96940045586649
2019-06-13 08:40:27 INFO  LeagueFixtureSimulator:43 - Home: 95.70247541373888 Away: 70.76563941964066
2019-06-13 08:40:27 INFO  LeagueFixtureSimulator:43 - Home: 66.95322135755006 Away: 83.44054938026915
2019-06-13 08:40:28 INFO  LeagueFixtureSimulator:43 - Home: 84.14822642933062 Away: 66.61948370227158
2019-06-13 08:40:28 INFO  LeagueFixtureSimulator:43 - Home: 84.90980319618102 Away: 90.1250529999675
2019-06-13 08:40:34 INFO  LeagueFixtureSimulator:43 - Home: 99.3656410325832 Away: 67.91567561728961
2019-06-13 08:40:35 INFO  LeagueFixtureSimulator:43 - Home: 65.4066520965127 Away: 71.65742577153105
2019-06-13 08:40:35 INFO  LeagueFixtureSimulator:43 - Home: 76.66395911297212 Away: 61.39820973440175
2019-06-13 08:40:36 INFO  LeagueFixtureSimulator:43 - Home: 95.72176240401552 Away: 58.06192216216337
2019-06-13 08:40:36 INFO  LeagueFixtureSimulator:43 - Home: 83.43095158596346 Away: 90.91388279258582
2019-06-13 08:40:37 INFO  LeagueFixtureSimulator:43 - Home: 66.86575802133754 Away: 55.69484921334507
2019-06-13 08:40:43 INFO  LeagueFixtureSimulator:43 - Home: 91.7115371361787 Away: 93.48020425141237
2019-06-13 08:40:44 INFO  LeagueFixtureSimulator:43 - Home: 89.762479983839 Away: 83.30348456583837
2019-06-13 08:40:44 INFO  LeagueFixtureSimulator:43 - Home: 72.24687592577455 Away: 86.70718065762763
2019-06-13 08:40:45 INFO  LeagueFixtureSimulator:43 - Home: 68.56433883300173 Away: 72.62333723040886
2019-06-13 08:40:45 INFO  LeagueFixtureSimulator:43 - Home: 107.04614607401135 Away: 93.68597380903803
2019-06-13 08:40:46 INFO  LeagueFixtureSimulator:43 - Home: 73.45524894517693 Away: 57.13241578483823
2019-06-13 08:40:48 INFO  LeagueFixtureSimulator:43 - Home: 106.5456702560455 Away: 64.67622689674684
2019-06-13 08:40:49 INFO  LeagueFixtureSimulator:43 - Home: 87.28992327271379 Away: 76.40279173592711
2019-06-13 08:40:49 INFO  LeagueFixtureSimulator:43 - Home: 92.69378170895908 Away: 92.36292267218067
2019-06-13 08:40:50 INFO  LeagueFixtureSimulator:43 - Home: 79.31459429785407 Away: 55.711058097744115
2019-06-13 08:40:50 INFO  LeagueFixtureSimulator:43 - Home: 86.435019953573 Away: 86.14808085777098
2019-06-13 08:40:51 INFO  LeagueFixtureSimulator:43 - Home: 110.57460054016217 Away: 88.81091870685863
2019-06-13 08:40:53 INFO  LeagueFixtureSimulator:43 - Home: 104.23136536362526 Away: 80.48784862118383
2019-06-13 08:40:53 INFO  LeagueFixtureSimulator:43 - Home: 71.93864330305614 Away: 82.65170856485223
2019-06-13 08:40:54 INFO  LeagueFixtureSimulator:43 - Home: 63.37869027198707 Away: 87.75558160893029
2019-06-13 08:40:54 INFO  LeagueFixtureSimulator:43 - Home: 76.27259032544256 Away: 66.27760539991435
2019-06-13 08:40:55 INFO  LeagueFixtureSimulator:43 - Home: 97.10537440168775 Away: 99.69206195835703
2019-06-13 08:40:55 INFO  LeagueFixtureSimulator:43 - Home: 80.51045616010516 Away: 73.28453990038287
2019-06-13 08:40:58 INFO  LeagueFixtureSimulator:43 - Home: 109.80116640467898 Away: 86.36006263537647
2019-06-13 08:40:58 INFO  LeagueFixtureSimulator:43 - Home: 77.27664223284316 Away: 54.785925593161416
2019-06-13 08:40:59 INFO  LeagueFixtureSimulator:43 - Home: 71.51868764538904 Away: 93.71207917486298
2019-06-13 08:40:59 INFO  LeagueFixtureSimulator:43 - Home: 115.60818165244368 Away: 77.31985523968007
2019-06-13 08:41:00 INFO  LeagueFixtureSimulator:43 - Home: 75.0462238050016 Away: 59.58511808396911
2019-06-13 08:41:00 INFO  LeagueFixtureSimulator:43 - Home: 82.80233152060943 Away: 94.78580703024976
2019-06-13 08:41:03 INFO  LeagueFixtureSimulator:43 - Home: 103.88697895029071 Away: 52.614109562994024
2019-06-13 08:41:04 INFO  LeagueFixtureSimulator:43 - Home: 98.08446814819669 Away: 82.9399592176206
2019-06-13 08:41:04 INFO  LeagueFixtureSimulator:43 - Home: 69.77937557076406 Away: 59.90379549009498
2019-06-13 08:41:05 INFO  LeagueFixtureSimulator:43 - Home: 103.75927282532564 Away: 65.8919196585464
2019-06-13 08:41:05 INFO  LeagueFixtureSimulator:43 - Home: 50.540442734378395 Away: 90.59350330532892
2019-06-13 08:41:06 INFO  LeagueFixtureSimulator:43 - Home: 111.28001310161733 Away: 85.97914061657009
2019-06-13 08:41:08 INFO  LeagueFixtureSimulator:43 - Home: 79.09402842797897 Away: 77.8737318180506
2019-06-13 08:41:08 INFO  LeagueFixtureSimulator:43 - Home: 93.87504648879245 Away: 76.9780203381271
2019-06-13 08:41:09 INFO  LeagueFixtureSimulator:43 - Home: 54.16472480288238 Away: 69.83993115472015
2019-06-13 08:41:09 INFO  LeagueFixtureSimulator:43 - Home: 86.67085231967755 Away: 96.8850438343619
2019-06-13 08:41:10 INFO  LeagueFixtureSimulator:43 - Home: 67.8603359544009 Away: 86.20252907321854
2019-06-13 08:41:10 INFO  LeagueFixtureSimulator:43 - Home: 66.99833861246545 Away: 82.69513990148263
2019-06-13 08:41:12 INFO  LeagueFixtureSimulator:43 - Home: 78.02057061185654 Away: 58.65122210594355
2019-06-13 08:41:13 INFO  LeagueFixtureSimulator:43 - Home: 86.33713242749275 Away: 61.93546396896978
2019-06-13 08:41:13 INFO  LeagueFixtureSimulator:43 - Home: 90.20690883815251 Away: 73.4737457962168
2019-06-13 08:41:14 INFO  LeagueFixtureSimulator:43 - Home: 101.13803205050701 Away: 73.69308364748126
2019-06-13 08:41:14 INFO  LeagueFixtureSimulator:43 - Home: 114.30197716096308 Away: 43.59344576606679
2019-06-13 08:41:15 INFO  LeagueFixtureSimulator:43 - Home: 90.1498011295081 Away: 90.56598136888435
2019-06-13 08:41:48 INFO  LeagueFixtureSimulator:43 - Home: 67.11274290595392 Away: 85.90098463442209
2019-06-13 08:41:48 INFO  LeagueFixtureSimulator:43 - Home: 72.13267290368664 Away: 89.5262302694382
2019-06-13 08:41:49 INFO  LeagueFixtureSimulator:43 - Home: 84.03733368143439 Away: 87.4510843207485
2019-06-13 08:41:49 INFO  LeagueFixtureSimulator:43 - Home: 91.7806736424809 Away: 88.33446379871175
2019-06-13 08:41:50 INFO  LeagueFixtureSimulator:43 - Home: 60.21372843206764 Away: 72.07749233657673
2019-06-13 08:41:50 INFO  LeagueFixtureSimulator:43 - Home: 73.28976584148533 Away: 99.95889428953633
2019-06-13 08:41:52 INFO  LeagueFixtureSimulator:43 - Home: 84.24845014097129 Away: 56.445808426167204
2019-06-13 08:41:52 INFO  LeagueFixtureSimulator:43 - Home: 86.54825438204335 Away: 73.87459408724595
2019-06-13 08:41:53 INFO  LeagueFixtureSimulator:43 - Home: 103.40844258764982 Away: 90.99720165110195
2019-06-13 08:41:53 INFO  LeagueFixtureSimulator:43 - Home: 110.26855078056836 Away: 53.40240449228007
2019-06-13 08:41:54 INFO  LeagueFixtureSimulator:43 - Home: 71.75787946504424 Away: 78.38210987536903
2019-06-13 08:41:54 INFO  LeagueFixtureSimulator:43 - Home: 114.04963040917349 Away: 55.32967431315666
2019-06-13 08:41:57 INFO  LeagueFixtureSimulator:43 - Home: 89.09260851741878 Away: 80.47926711813601
2019-06-13 08:41:58 INFO  LeagueFixtureSimulator:43 - Home: 81.33184670960716 Away: 66.26726232009776
2019-06-13 08:41:58 INFO  LeagueFixtureSimulator:43 - Home: 65.81906585523369 Away: 60.19566491510153
2019-06-13 08:41:59 INFO  LeagueFixtureSimulator:43 - Home: 83.83539503560601 Away: 71.70338821425315
2019-06-13 08:41:59 INFO  LeagueFixtureSimulator:43 - Home: 66.34540320233857 Away: 88.99154119894682
2019-06-13 08:42:00 INFO  LeagueFixtureSimulator:43 - Home: 96.34807204476004 Away: 66.1165580019375
2019-06-13 08:42:02 INFO  LeagueFixtureSimulator:43 - Home: 68.51446285553598 Away: 80.9757447537646
2019-06-13 08:42:02 INFO  LeagueFixtureSimulator:43 - Home: 96.87743503888181 Away: 94.14561043157539
2019-06-13 08:42:03 INFO  LeagueFixtureSimulator:43 - Home: 86.33340041366688 Away: 48.40040723184372
2019-06-13 08:42:03 INFO  LeagueFixtureSimulator:43 - Home: 78.01946741951613 Away: 108.3033344346828
2019-06-13 08:42:04 INFO  LeagueFixtureSimulator:43 - Home: 97.3249844776708 Away: 99.4715044974661
2019-06-13 08:42:04 INFO  LeagueFixtureSimulator:43 - Home: 65.80773607304205 Away: 81.05102334333024
2019-06-13 08:42:06 INFO  LeagueFixtureSimulator:43 - Home: 123.75133467201012 Away: 44.72439485612325
2019-06-13 08:42:07 INFO  LeagueFixtureSimulator:43 - Home: 69.68872797249225 Away: 58.494874682521285
2019-06-13 08:42:07 INFO  LeagueFixtureSimulator:43 - Home: 93.17784497163746 Away: 79.97427601187293
2019-06-13 08:42:08 INFO  LeagueFixtureSimulator:43 - Home: 86.89781415156133 Away: 52.8201784191696
2019-06-13 08:42:08 INFO  LeagueFixtureSimulator:43 - Home: 82.99026035055688 Away: 60.27645038845246
2019-06-13 08:42:09 INFO  LeagueFixtureSimulator:43 - Home: 92.03500243719394 Away: 77.09765883117197
2019-06-13 08:42:11 INFO  LeagueFixtureSimulator:43 - Home: 104.6254796969234 Away: 93.58940750762076
2019-06-13 08:42:12 INFO  LeagueFixtureSimulator:43 - Home: 85.75302009598923 Away: 74.06502242374218
2019-06-13 08:42:12 INFO  LeagueFixtureSimulator:43 - Home: 94.02769668670351 Away: 55.753715466313714
2019-06-13 08:42:13 INFO  LeagueFixtureSimulator:43 - Home: 78.18102625862369 Away: 65.09016214425608
2019-06-13 08:42:13 INFO  LeagueFixtureSimulator:43 - Home: 104.57810982737654 Away: 69.13361042060667
2019-06-13 08:42:14 INFO  LeagueFixtureSimulator:43 - Home: 91.84180260102384 Away: 87.78805863917025
2019-06-13 08:42:16 INFO  LeagueFixtureSimulator:43 - Home: 82.32306921496527 Away: 72.28516839445676
2019-06-13 08:42:16 INFO  LeagueFixtureSimulator:43 - Home: 124.13993923324249 Away: 80.82772953027404
2019-06-13 08:42:17 INFO  LeagueFixtureSimulator:43 - Home: 89.37549998894526 Away: 89.82616931390088
2019-06-13 08:42:17 INFO  LeagueFixtureSimulator:43 - Home: 105.72456136791432 Away: 47.920618953276524
2019-06-13 08:42:18 INFO  LeagueFixtureSimulator:43 - Home: 80.40830739654379 Away: 99.13132758673443
2019-06-13 08:42:18 INFO  LeagueFixtureSimulator:43 - Home: 88.39578023370233 Away: 71.45015354506917
2019-06-13 08:42:21 INFO  LeagueFixtureSimulator:43 - Home: 93.16274587910536 Away: 73.70703681512177
2019-06-13 08:42:21 INFO  LeagueFixtureSimulator:43 - Home: 63.1829039972618 Away: 90.8746979962069
2019-06-13 08:42:22 INFO  LeagueFixtureSimulator:43 - Home: 82.05528737347959 Away: 92.67071764237927
2019-06-13 08:42:22 INFO  LeagueFixtureSimulator:43 - Home: 59.11693373692663 Away: 83.08242802733358
2019-06-13 08:42:23 INFO  LeagueFixtureSimulator:43 - Home: 70.56079992852302 Away: 89.02578880918713
2019-06-13 08:42:23 INFO  LeagueFixtureSimulator:43 - Home: 77.57502505134707 Away: 57.879324048326836
2019-06-13 08:42:25 INFO  LeagueFixtureSimulator:43 - Home: 106.21274626180855 Away: 77.0628573465651
2019-06-13 08:42:26 INFO  LeagueFixtureSimulator:43 - Home: 86.32498040774306 Away: 84.74407972128851
2019-06-13 08:42:26 INFO  LeagueFixtureSimulator:43 - Home: 79.72769031376279 Away: 84.36949935916736
2019-06-13 08:42:27 INFO  LeagueFixtureSimulator:43 - Home: 67.49295279363683 Away: 73.77227900003811
2019-06-13 08:42:27 INFO  LeagueFixtureSimulator:43 - Home: 83.94560493814208 Away: 63.15889614566038
2019-06-13 08:42:28 INFO  LeagueFixtureSimulator:43 - Home: 110.6849011790325 Away: 66.70399039713035
2019-06-13 08:42:30 INFO  LeagueFixtureSimulator:43 - Home: 89.46044584191657 Away: 56.163292588577384
2019-06-13 08:42:31 INFO  LeagueFixtureSimulator:43 - Home: 87.23746709073987 Away: 61.05318525928957
2019-06-13 08:42:31 INFO  LeagueFixtureSimulator:43 - Home: 122.36765608009125 Away: 70.05762901378519
2019-06-13 08:42:32 INFO  LeagueFixtureSimulator:43 - Home: 93.90092692428817 Away: 58.1716570647219
2019-06-13 08:42:32 INFO  LeagueFixtureSimulator:43 - Home: 76.35868055955562 Away: 90.70746036927531
2019-06-13 08:42:33 INFO  LeagueFixtureSimulator:43 - Home: 83.91948503736647 Away: 53.7641860799959
2019-06-13 08:42:34 INFO  LeagueFixtureSimulator:43 - Home: 60.578183589697055 Away: 73.0000505293203
2019-06-13 08:42:35 INFO  LeagueFixtureSimulator:43 - Home: 89.05900590640842 Away: 66.21474623854338
2019-06-13 08:42:35 INFO  LeagueFixtureSimulator:43 - Home: 92.27487485497008 Away: 60.33956434476864
2019-06-13 08:42:36 INFO  LeagueFixtureSimulator:43 - Home: 91.43781020923443 Away: 102.73479244439714
2019-06-13 08:42:36 INFO  LeagueFixtureSimulator:43 - Home: 97.87000115311614 Away: 88.95164389276121
2019-06-13 08:42:37 INFO  LeagueFixtureSimulator:43 - Home: 80.346073833241 Away: 111.88184201287439
2019-06-13 08:42:40 INFO  LeagueFixtureSimulator:43 - Home: 48.34322379275233 Away: 100.04987866835884
2019-06-13 08:42:40 INFO  LeagueFixtureSimulator:43 - Home: 78.68831777478701 Away: 103.82949223020209
2019-06-13 08:42:41 INFO  LeagueFixtureSimulator:43 - Home: 80.1071068011055 Away: 70.94206690929674
2019-06-13 08:42:41 INFO  LeagueFixtureSimulator:43 - Home: 73.2111932948271 Away: 69.39336272371537
2019-06-13 08:42:42 INFO  LeagueFixtureSimulator:43 - Home: 77.33255550516712 Away: 67.3158697687901
2019-06-13 08:42:42 INFO  LeagueFixtureSimulator:43 - Home: 73.64699442227622 Away: 90.94341794244431
2019-06-13 08:42:44 INFO  LeagueFixtureSimulator:43 - Home: 86.69113152453598 Away: 71.5621499524288
2019-06-13 08:42:45 INFO  LeagueFixtureSimulator:43 - Home: 54.19613560713054 Away: 71.75894734383397
2019-06-13 08:42:45 INFO  LeagueFixtureSimulator:43 - Home: 71.97317581581687 Away: 75.28871625046867
2019-06-13 08:42:46 INFO  LeagueFixtureSimulator:43 - Home: 102.65309093853381 Away: 71.8035179244423
2019-06-13 08:42:46 INFO  LeagueFixtureSimulator:43 - Home: 68.89343636371474 Away: 73.42524003778206
2019-06-13 08:42:47 INFO  LeagueFixtureSimulator:43 - Home: 90.73868210590341 Away: 94.36345898330123
2019-06-13 08:43:16 INFO  LeagueFixtureSimulator:43 - Home: 87.81182937179851 Away: 59.873759356020265
2019-06-13 08:43:16 INFO  LeagueFixtureSimulator:43 - Home: 64.7597802405698 Away: 90.75920992624084
2019-06-13 08:43:17 INFO  LeagueFixtureSimulator:43 - Home: 86.36775286314449 Away: 66.15493287317797
2019-06-13 08:43:17 INFO  LeagueFixtureSimulator:43 - Home: 103.36055579612403 Away: 59.2315277946918
2019-06-13 08:43:18 INFO  LeagueFixtureSimulator:43 - Home: 59.94520358343587 Away: 95.87952579419381
2019-06-13 08:43:18 INFO  LeagueFixtureSimulator:43 - Home: 119.25144982689415 Away: 84.02621884010283
2019-06-13 08:43:20 INFO  LeagueFixtureSimulator:43 - Home: 80.0074138794526 Away: 114.24186064432908
2019-06-13 08:43:21 INFO  LeagueFixtureSimulator:43 - Home: 79.91502684283248 Away: 83.02313670141794
2019-06-13 08:43:21 INFO  LeagueFixtureSimulator:43 - Home: 70.27232208458429 Away: 84.60707227089048
2019-06-13 08:43:22 INFO  LeagueFixtureSimulator:43 - Home: 75.73816376567618 Away: 85.57544218441771
2019-06-13 08:43:22 INFO  LeagueFixtureSimulator:43 - Home: 60.95990809994622 Away: 88.56198153208366
2019-06-13 08:43:23 INFO  LeagueFixtureSimulator:43 - Home: 74.54462283816062 Away: 73.9597039226468
2019-06-13 08:43:24 INFO  LeagueFixtureSimulator:43 - Home: 84.60764230461245 Away: 89.60493210993337
2019-06-13 08:43:25 INFO  LeagueFixtureSimulator:43 - Home: 78.6641493774663 Away: 95.03677460663003
2019-06-13 08:43:25 INFO  LeagueFixtureSimulator:43 - Home: 68.07785983964847 Away: 85.37643127382441
2019-06-13 08:43:26 INFO  LeagueFixtureSimulator:43 - Home: 90.29778013742938 Away: 84.82569315616972
2019-06-13 08:43:26 INFO  LeagueFixtureSimulator:43 - Home: 76.8493443639586 Away: 84.98637922652095
2019-06-13 08:43:27 INFO  LeagueFixtureSimulator:43 - Home: 86.91957324679191 Away: 94.76565042940699
2019-06-13 08:43:29 INFO  LeagueFixtureSimulator:43 - Home: 89.93862994507926 Away: 82.07054033870608
2019-06-13 08:43:29 INFO  LeagueFixtureSimulator:43 - Home: 99.41629431689674 Away: 53.018827359140566
2019-06-13 08:43:30 INFO  LeagueFixtureSimulator:43 - Home: 103.32412823586503 Away: 55.76817775011247
2019-06-13 08:43:30 INFO  LeagueFixtureSimulator:43 - Home: 106.51718151804609 Away: 73.28107704430232
2019-06-13 08:43:31 INFO  LeagueFixtureSimulator:43 - Home: 75.95397684608885 Away: 80.49827246326534
2019-06-13 08:43:31 INFO  LeagueFixtureSimulator:43 - Home: 94.99527830046804 Away: 93.75800226509247
2019-06-13 08:43:34 INFO  LeagueFixtureSimulator:43 - Home: 91.61033118531236 Away: 91.1280995980319
2019-06-13 08:43:34 INFO  LeagueFixtureSimulator:43 - Home: 83.24001697601102 Away: 82.88051389180339
2019-06-13 08:43:35 INFO  LeagueFixtureSimulator:43 - Home: 98.95086110656507 Away: 84.58078042793807
2019-06-13 08:43:35 INFO  LeagueFixtureSimulator:43 - Home: 103.0569273940452 Away: 68.32887743629703
2019-06-13 08:43:36 INFO  LeagueFixtureSimulator:43 - Home: 93.18012473924306 Away: 73.96411963493085
2019-06-13 08:43:36 INFO  LeagueFixtureSimulator:43 - Home: 93.13282211034273 Away: 92.03885355393824
2019-06-13 08:43:39 INFO  LeagueFixtureSimulator:43 - Home: 68.15676483155167 Away: 101.54494861546029
2019-06-13 08:43:39 INFO  LeagueFixtureSimulator:43 - Home: 88.41093628657976 Away: 66.56893273498667
2019-06-13 08:43:40 INFO  LeagueFixtureSimulator:43 - Home: 51.9846553863515 Away: 74.87065276917815
2019-06-13 08:43:40 INFO  LeagueFixtureSimulator:43 - Home: 61.331181523409256 Away: 107.19431542007243
2019-06-13 08:43:41 INFO  LeagueFixtureSimulator:43 - Home: 73.45656835614466 Away: 93.83500216521969
2019-06-13 08:43:41 INFO  LeagueFixtureSimulator:43 - Home: 78.67349172937351 Away: 69.91178469726248
2019-06-13 08:43:43 INFO  LeagueFixtureSimulator:43 - Home: 81.75067717809718 Away: 89.3845951658673
2019-06-13 08:43:44 INFO  LeagueFixtureSimulator:43 - Home: 83.87489593159162 Away: 60.9175518833268
2019-06-13 08:43:44 INFO  LeagueFixtureSimulator:43 - Home: 87.83139414814104 Away: 82.47510178097482
2019-06-13 08:43:45 INFO  LeagueFixtureSimulator:43 - Home: 119.8399208373878 Away: 86.24257211736546
2019-06-13 08:43:45 INFO  LeagueFixtureSimulator:43 - Home: 96.15155222903398 Away: 83.54330659268935
2019-06-13 08:43:46 INFO  LeagueFixtureSimulator:43 - Home: 120.52463827267505 Away: 68.08823960220137
2019-06-13 08:44:03 INFO  LeagueFixtureSimulator:43 - Home: 87.88487918646311 Away: 80.87678314572256
2019-06-13 08:44:04 INFO  LeagueFixtureSimulator:43 - Home: 84.647058659031 Away: 58.415153751883174
2019-06-13 08:44:04 INFO  LeagueFixtureSimulator:43 - Home: 71.49932060438499 Away: 110.70611784703812
2019-06-13 08:44:05 INFO  LeagueFixtureSimulator:43 - Home: 128.46258758635864 Away: 54.701921523363566
2019-06-13 08:44:05 INFO  LeagueFixtureSimulator:43 - Home: 74.10600663526476 Away: 86.86025544886161
2019-06-13 08:44:06 INFO  LeagueFixtureSimulator:43 - Home: 110.13815769159015 Away: 61.69839023934777
2019-06-13 08:47:06 INFO  LeagueFixtureSimulator:43 - Home: 71.65967372818044 Away: 68.36457592289808
2019-06-13 08:47:06 INFO  LeagueFixtureSimulator:43 - Home: 96.65312649321436 Away: 75.97542608892621
2019-06-13 08:47:07 INFO  LeagueFixtureSimulator:43 - Home: 98.15681755975119 Away: 67.89364863614642
2019-06-13 08:47:07 INFO  LeagueFixtureSimulator:43 - Home: 73.4567463987015 Away: 74.64812500887277
2019-06-13 08:47:08 INFO  LeagueFixtureSimulator:43 - Home: 55.80236331977256 Away: 97.93846057442481
2019-06-13 08:47:08 INFO  LeagueFixtureSimulator:43 - Home: 63.45687601307211 Away: 67.62855176185946
2019-06-13 08:47:10 INFO  LeagueFixtureSimulator:43 - Home: 84.25395369430285 Away: 82.10047418083134
2019-06-13 08:47:11 INFO  LeagueFixtureSimulator:43 - Home: 91.8550051663191 Away: 57.34423835991819
2019-06-13 08:47:11 INFO  LeagueFixtureSimulator:43 - Home: 66.34563955636041 Away: 87.59274162370806
2019-06-13 08:47:12 INFO  LeagueFixtureSimulator:43 - Home: 96.25601033750601 Away: 53.400939903423584
2019-06-13 08:47:12 INFO  LeagueFixtureSimulator:43 - Home: 100.50420218314332 Away: 70.55394653911492
2019-06-13 08:47:13 INFO  LeagueFixtureSimulator:43 - Home: 70.82644583013793 Away: 92.80569192108692
2019-06-13 08:47:14 INFO  LeagueFixtureSimulator:43 - Home: 64.55082753197688 Away: 88.093613367506
2019-06-13 08:47:14 INFO  LeagueFixtureSimulator:43 - Home: 74.88642223564845 Away: 71.07300499636646
2019-06-13 08:47:15 INFO  LeagueFixtureSimulator:43 - Home: 100.54519133246953 Away: 84.09304468655932
2019-06-13 08:47:15 INFO  LeagueFixtureSimulator:43 - Home: 81.16860895939637 Away: 97.95054725605544
2019-06-13 08:47:16 INFO  LeagueFixtureSimulator:43 - Home: 83.64890352644346 Away: 74.68765696880811
2019-06-13 08:47:16 INFO  LeagueFixtureSimulator:43 - Home: 105.69041005696857 Away: 68.03990650700874
2019-06-13 08:47:18 INFO  LeagueFixtureSimulator:43 - Home: 92.55758569339937 Away: 60.678778074573515
2019-06-13 08:47:18 INFO  LeagueFixtureSimulator:43 - Home: 98.72197008713944 Away: 86.84718442712594
2019-06-13 08:47:19 INFO  LeagueFixtureSimulator:43 - Home: 94.2165805165868 Away: 87.15432957118533
2019-06-13 08:47:19 INFO  LeagueFixtureSimulator:43 - Home: 102.85630672340665 Away: 78.59220900153558
2019-06-13 08:47:20 INFO  LeagueFixtureSimulator:43 - Home: 80.93058353724214 Away: 60.54241063669918
2019-06-13 08:47:20 INFO  LeagueFixtureSimulator:43 - Home: 76.85271656532524 Away: 75.7023228331966
2019-06-13 08:47:22 INFO  LeagueFixtureSimulator:43 - Home: 61.57290279032322 Away: 56.337067068957225
2019-06-13 08:47:22 INFO  LeagueFixtureSimulator:43 - Home: 53.86205948297628 Away: 104.53413336661595
2019-06-13 08:47:23 INFO  LeagueFixtureSimulator:43 - Home: 93.68163899800827 Away: 73.26579107995312
2019-06-13 08:47:23 INFO  LeagueFixtureSimulator:43 - Home: 61.31186904341343 Away: 62.34552157211538
2019-06-13 08:47:24 INFO  LeagueFixtureSimulator:43 - Home: 94.629786448841 Away: 92.4455223600409
2019-06-13 08:47:24 INFO  LeagueFixtureSimulator:43 - Home: 109.15921946442398 Away: 84.27183810939664
2019-06-13 08:47:26 INFO  LeagueFixtureSimulator:43 - Home: 86.42543166812166 Away: 57.40145945371709
2019-06-13 08:47:26 INFO  LeagueFixtureSimulator:43 - Home: 98.01018294513031 Away: 82.00890084713795
2019-06-13 08:47:27 INFO  LeagueFixtureSimulator:43 - Home: 62.659071458364366 Away: 82.44179150093332
2019-06-13 08:47:27 INFO  LeagueFixtureSimulator:43 - Home: 85.01852160124913 Away: 64.17069413281196
2019-06-13 08:47:28 INFO  LeagueFixtureSimulator:43 - Home: 105.6374404947299 Away: 75.73527465310306
2019-06-13 08:47:28 INFO  LeagueFixtureSimulator:43 - Home: 57.56349268853024 Away: 91.48756275029065
2019-06-13 08:47:29 INFO  LeagueFixtureSimulator:43 - Home: 112.1877617712006 Away: 89.38052018573941
2019-06-13 08:47:30 INFO  LeagueFixtureSimulator:43 - Home: 74.89235951962104 Away: 67.64888342139118
2019-06-13 08:47:30 INFO  LeagueFixtureSimulator:43 - Home: 79.77822843308323 Away: 90.44500867040082
2019-06-13 08:47:31 INFO  LeagueFixtureSimulator:43 - Home: 91.76916343032963 Away: 53.21253919379714
2019-06-13 08:47:31 INFO  LeagueFixtureSimulator:43 - Home: 80.90558342259013 Away: 82.61398659893455
2019-06-13 08:47:32 INFO  LeagueFixtureSimulator:43 - Home: 116.41293861346612 Away: 72.93181287988097
2019-06-13 08:47:34 INFO  LeagueFixtureSimulator:43 - Home: 80.6097478802411 Away: 81.24406598856945
2019-06-13 08:47:35 INFO  LeagueFixtureSimulator:43 - Home: 118.76738460831498 Away: 84.90976979181497
2019-06-13 08:47:35 INFO  LeagueFixtureSimulator:43 - Home: 102.78024689957114 Away: 90.10369446183533
2019-06-13 08:47:36 INFO  LeagueFixtureSimulator:43 - Home: 88.57662620506078 Away: 71.44303792282933
2019-06-13 08:47:36 INFO  LeagueFixtureSimulator:43 - Home: 117.04490574063064 Away: 88.55472683875435
2019-06-13 08:47:37 INFO  LeagueFixtureSimulator:43 - Home: 91.90041740432571 Away: 75.65578838509937
2019-06-13 08:47:38 INFO  LeagueFixtureSimulator:43 - Home: 73.90328629080135 Away: 69.0436389704212
2019-06-13 08:47:38 INFO  LeagueFixtureSimulator:43 - Home: 86.1256272162127 Away: 68.47779050317699
2019-06-13 08:47:39 INFO  LeagueFixtureSimulator:43 - Home: 88.55508699337001 Away: 53.10097642804036
2019-06-13 08:47:39 INFO  LeagueFixtureSimulator:43 - Home: 103.1185493958098 Away: 99.44347804469145
2019-06-13 08:47:40 INFO  LeagueFixtureSimulator:43 - Home: 70.95759585184616 Away: 67.57869165923516
2019-06-13 08:47:40 INFO  LeagueFixtureSimulator:43 - Home: 77.46992612859992 Away: 76.52086043004647
2019-06-13 08:47:42 INFO  LeagueFixtureSimulator:43 - Home: 69.38363763881205 Away: 99.93319521961135
2019-06-13 08:47:42 INFO  LeagueFixtureSimulator:43 - Home: 54.67257483117437 Away: 63.01805423682454
2019-06-13 08:47:43 INFO  LeagueFixtureSimulator:43 - Home: 71.56132983449277 Away: 91.3707475866065
2019-06-13 08:47:43 INFO  LeagueFixtureSimulator:43 - Home: 76.05880316747482 Away: 84.21499841110801
2019-06-13 08:47:44 INFO  LeagueFixtureSimulator:43 - Home: 65.78743897145816 Away: 54.01377946833468
2019-06-13 08:47:44 INFO  LeagueFixtureSimulator:43 - Home: 78.93563238638842 Away: 71.78063003360633
2019-06-13 08:47:56 INFO  LeagueFixtureSimulator:43 - Home: 92.15400665092332 Away: 99.22053382177387
2019-06-13 08:47:57 INFO  LeagueFixtureSimulator:43 - Home: 94.15870235759981 Away: 67.13548425943856
2019-06-13 08:47:57 INFO  LeagueFixtureSimulator:43 - Home: 103.57757591365366 Away: 88.16018992865794
2019-06-13 08:47:58 INFO  LeagueFixtureSimulator:43 - Home: 100.97925823936468 Away: 54.166690438246476
2019-06-13 08:47:58 INFO  LeagueFixtureSimulator:43 - Home: 67.67580202003123 Away: 74.65435148228856
2019-06-13 08:47:59 INFO  LeagueFixtureSimulator:43 - Home: 107.84530353364559 Away: 40.593570901392056
2019-06-13 08:48:03 INFO  LeagueFixtureSimulator:43 - Home: 70.59313639135283 Away: 90.74370270233318
2019-06-13 08:48:03 INFO  LeagueFixtureSimulator:43 - Home: 67.77554265418237 Away: 86.92179442135323
2019-06-13 08:48:04 INFO  LeagueFixtureSimulator:43 - Home: 77.02456940961616 Away: 76.56144598381806
2019-06-13 08:48:04 INFO  LeagueFixtureSimulator:43 - Home: 67.01543130854658 Away: 92.54953008560777
2019-06-13 08:48:05 INFO  LeagueFixtureSimulator:43 - Home: 60.761035155984764 Away: 91.09019404324039
2019-06-13 08:48:05 INFO  LeagueFixtureSimulator:43 - Home: 119.83692944138552 Away: 81.50510528610063
2019-06-13 08:48:07 INFO  LeagueFixtureSimulator:43 - Home: 98.27474156974615 Away: 91.6124011568074
2019-06-13 08:48:07 INFO  LeagueFixtureSimulator:43 - Home: 82.4521336562305 Away: 59.50446016856636
2019-06-13 08:48:08 INFO  LeagueFixtureSimulator:43 - Home: 89.34930900149976 Away: 83.80463445990604
2019-06-13 08:48:08 INFO  LeagueFixtureSimulator:43 - Home: 83.77907971367408 Away: 86.88936467375014
2019-06-13 08:48:09 INFO  LeagueFixtureSimulator:43 - Home: 90.66665647489127 Away: 69.94183790417271
2019-06-13 08:48:09 INFO  LeagueFixtureSimulator:43 - Home: 86.1621884493075 Away: 80.37598386687522
2019-06-13 08:48:11 INFO  LeagueFixtureSimulator:43 - Home: 118.0367517706502 Away: 60.18633517133312
2019-06-13 08:48:12 INFO  LeagueFixtureSimulator:43 - Home: 106.80995681965418 Away: 82.84158884132077
2019-06-13 08:48:12 INFO  LeagueFixtureSimulator:43 - Home: 73.47519522952673 Away: 57.4376254112004
2019-06-13 08:48:13 INFO  LeagueFixtureSimulator:43 - Home: 64.63572396083984 Away: 76.33519276935533
2019-06-13 08:48:13 INFO  LeagueFixtureSimulator:43 - Home: 105.13665283370219 Away: 78.22706669238816
2019-06-13 08:48:14 INFO  LeagueFixtureSimulator:43 - Home: 87.5594074381458 Away: 96.21232369144532
2019-06-13 08:48:16 INFO  LeagueFixtureSimulator:43 - Home: 64.13596299116323 Away: 82.81933942090232
2019-06-13 08:48:16 INFO  LeagueFixtureSimulator:43 - Home: 84.82397961285687 Away: 110.609277400984
2019-06-13 08:48:17 INFO  LeagueFixtureSimulator:43 - Home: 69.18598879924575 Away: 55.447932654674986
2019-06-13 08:48:17 INFO  LeagueFixtureSimulator:43 - Home: 77.5557557237218 Away: 47.04590412770391
2019-06-13 08:48:18 INFO  LeagueFixtureSimulator:43 - Home: 74.04285611371097 Away: 86.36007438463656
2019-06-13 08:48:18 INFO  LeagueFixtureSimulator:43 - Home: 108.03838095959065 Away: 101.23783341734111
2019-06-13 08:48:21 INFO  LeagueFixtureSimulator:43 - Home: 69.9059655340734 Away: 63.13501536587728
2019-06-13 08:48:22 INFO  LeagueFixtureSimulator:43 - Home: 78.44699904032021 Away: 83.64041422060053
2019-06-13 08:48:22 INFO  LeagueFixtureSimulator:43 - Home: 68.82677258549091 Away: 62.51477438194983
2019-06-13 08:48:23 INFO  LeagueFixtureSimulator:43 - Home: 63.58176807381299 Away: 66.71098830136455
2019-06-13 08:48:23 INFO  LeagueFixtureSimulator:43 - Home: 77.1896665063033 Away: 72.93774127502039
2019-06-13 08:48:24 INFO  LeagueFixtureSimulator:43 - Home: 64.50739828418567 Away: 98.46994793857975
2019-06-13 08:48:26 INFO  LeagueFixtureSimulator:43 - Home: 70.52863778814206 Away: 68.20701460967314
2019-06-13 08:48:27 INFO  LeagueFixtureSimulator:43 - Home: 64.11597911534692 Away: 94.59265040711722
2019-06-13 08:48:27 INFO  LeagueFixtureSimulator:43 - Home: 99.106098712381 Away: 66.18202885654074
2019-06-13 08:48:28 INFO  LeagueFixtureSimulator:43 - Home: 53.81737924804937 Away: 74.07750745370205
2019-06-13 08:48:28 INFO  LeagueFixtureSimulator:43 - Home: 66.72086270241724 Away: 61.213850986487465
2019-06-13 08:48:29 INFO  LeagueFixtureSimulator:43 - Home: 86.18953281359869 Away: 59.98358031840788
2019-06-13 08:48:31 INFO  LeagueFixtureSimulator:43 - Home: 112.45669209861543 Away: 66.80897180035704
2019-06-13 08:48:31 INFO  LeagueFixtureSimulator:43 - Home: 97.98837652782217 Away: 85.82531547054046
2019-06-13 08:48:32 INFO  LeagueFixtureSimulator:43 - Home: 101.7867192299652 Away: 58.382470740528646
2019-06-13 08:48:32 INFO  LeagueFixtureSimulator:43 - Home: 92.01782510825143 Away: 78.12809176740619
2019-06-13 08:48:33 INFO  LeagueFixtureSimulator:43 - Home: 107.92947135755244 Away: 90.18027053238055
2019-06-13 08:48:33 INFO  LeagueFixtureSimulator:43 - Home: 78.70310134227842 Away: 87.22676193375783
2019-06-13 08:48:35 INFO  LeagueFixtureSimulator:43 - Home: 114.65742603037523 Away: 58.67766934009977
2019-06-13 08:48:35 INFO  LeagueFixtureSimulator:43 - Home: 97.1259950256959 Away: 94.22610175869762
2019-06-13 08:48:36 INFO  LeagueFixtureSimulator:43 - Home: 93.09337412185587 Away: 95.50235642060105
2019-06-13 08:48:36 INFO  LeagueFixtureSimulator:43 - Home: 102.1432345732368 Away: 63.431310828146586
2019-06-13 08:48:37 INFO  LeagueFixtureSimulator:43 - Home: 97.41128256004906 Away: 55.23067753722859
2019-06-13 08:48:37 INFO  LeagueFixtureSimulator:43 - Home: 67.66772734790192 Away: 91.66607527132993
2019-06-13 08:48:41 INFO  LeagueFixtureSimulator:43 - Home: 101.90726858524908 Away: 51.71022553498487
2019-06-13 08:48:41 INFO  LeagueFixtureSimulator:43 - Home: 94.49368485756858 Away: 82.47733439635978
2019-06-13 08:48:42 INFO  LeagueFixtureSimulator:43 - Home: 76.0258804124876 Away: 69.9563636585312
2019-06-13 08:48:42 INFO  LeagueFixtureSimulator:43 - Home: 89.15913416167778 Away: 72.54561474965288
2019-06-13 08:48:43 INFO  LeagueFixtureSimulator:43 - Home: 93.12199164371557 Away: 55.56132751201435
2019-06-13 08:48:43 INFO  LeagueFixtureSimulator:43 - Home: 58.52452650559173 Away: 95.82101044351616
2019-06-13 08:49:02 INFO  LeagueFixtureSimulator:43 - Home: 75.92457699820478 Away: 69.75014359544227
2019-06-13 08:49:03 INFO  LeagueFixtureSimulator:43 - Home: 96.44958769967744 Away: 83.51545993500918
2019-06-13 08:49:03 INFO  LeagueFixtureSimulator:43 - Home: 118.15866387228513 Away: 58.35256289065527
2019-06-13 08:49:04 INFO  LeagueFixtureSimulator:43 - Home: 76.28661677420436 Away: 105.51442030374237
2019-06-13 08:49:04 INFO  LeagueFixtureSimulator:43 - Home: 68.46705208037237 Away: 69.16518005774965
2019-06-13 08:49:05 INFO  LeagueFixtureSimulator:43 - Home: 104.28719612578413 Away: 77.43236958296242
2019-06-13 08:49:08 INFO  LeagueFixtureSimulator:43 - Home: 63.95028759952427 Away: 85.37427336137655
2019-06-13 08:49:08 INFO  LeagueFixtureSimulator:43 - Home: 54.86262091520831 Away: 70.10191684631252
2019-06-13 08:49:09 INFO  LeagueFixtureSimulator:43 - Home: 72.61209272073737 Away: 83.74681277310548
2019-06-13 08:49:09 INFO  LeagueFixtureSimulator:43 - Home: 97.95716470551591 Away: 64.06346100469959
2019-06-13 08:49:10 INFO  LeagueFixtureSimulator:43 - Home: 63.64801611382028 Away: 56.990592377741706
2019-06-13 08:49:10 INFO  LeagueFixtureSimulator:43 - Home: 80.22643229550378 Away: 67.86198996983664
2019-06-13 08:49:13 INFO  LeagueFixtureSimulator:43 - Home: 68.4715268914366 Away: 54.3068236721743
2019-06-13 08:49:13 INFO  LeagueFixtureSimulator:43 - Home: 102.69446052120585 Away: 84.4970934339512
2019-06-13 08:49:14 INFO  LeagueFixtureSimulator:43 - Home: 97.0539842729261 Away: 106.5745860423821
2019-06-13 08:49:14 INFO  LeagueFixtureSimulator:43 - Home: 107.41842886693043 Away: 57.86332776197178
2019-06-13 08:49:15 INFO  LeagueFixtureSimulator:43 - Home: 80.5244068654859 Away: 75.00608051493751
2019-06-13 08:49:15 INFO  LeagueFixtureSimulator:43 - Home: 105.6165970908607 Away: 59.249188525750064
2019-06-13 08:49:18 INFO  LeagueFixtureSimulator:43 - Home: 100.99706986364347 Away: 69.31778452282612
2019-06-13 08:49:18 INFO  LeagueFixtureSimulator:43 - Home: 63.07380286832239 Away: 95.36800108792211
2019-06-13 08:49:19 INFO  LeagueFixtureSimulator:43 - Home: 98.87694795073386 Away: 81.76089976017381
2019-06-13 08:49:19 INFO  LeagueFixtureSimulator:43 - Home: 106.37485567159752 Away: 66.9496035719422
2019-06-13 08:49:20 INFO  LeagueFixtureSimulator:43 - Home: 95.16516602443885 Away: 95.29061540770452
2019-06-13 08:49:20 INFO  LeagueFixtureSimulator:43 - Home: 105.15731743125636 Away: 98.55109280026691
2019-06-13 08:49:22 INFO  LeagueFixtureSimulator:43 - Home: 90.47891298895843 Away: 95.67223605356023
2019-06-13 08:49:22 INFO  LeagueFixtureSimulator:43 - Home: 90.47300803289284 Away: 94.26227809936037
2019-06-13 08:49:23 INFO  LeagueFixtureSimulator:43 - Home: 101.90139508017543 Away: 85.56368869150278
2019-06-13 08:49:23 INFO  LeagueFixtureSimulator:43 - Home: 50.87846644804812 Away: 71.11396142296562
2019-06-13 08:49:24 INFO  LeagueFixtureSimulator:43 - Home: 103.77153504026677 Away: 83.05437078328909
2019-06-13 08:49:24 INFO  LeagueFixtureSimulator:43 - Home: 75.45418977171991 Away: 51.74377911762038
2019-06-13 08:49:28 INFO  LeagueFixtureSimulator:43 - Home: 95.90712828888023 Away: 71.16278321031548
2019-06-13 08:49:29 INFO  LeagueFixtureSimulator:43 - Home: 78.55063242521307 Away: 66.80184954696782
2019-06-13 08:49:29 INFO  LeagueFixtureSimulator:43 - Home: 91.43780605617326 Away: 87.32748265292304
2019-06-13 08:49:30 INFO  LeagueFixtureSimulator:43 - Home: 103.19816504063147 Away: 76.58927346638762
2019-06-13 08:49:30 INFO  LeagueFixtureSimulator:43 - Home: 72.08715336726024 Away: 56.80283095125059
2019-06-13 08:49:31 INFO  LeagueFixtureSimulator:43 - Home: 63.38393552535374 Away: 82.7829910258241
2019-06-13 08:49:35 INFO  LeagueFixtureSimulator:43 - Home: 80.24196534942621 Away: 97.61392984428487
2019-06-13 08:49:35 INFO  LeagueFixtureSimulator:43 - Home: 70.38942500422182 Away: 90.3188517545596
2019-06-13 08:49:36 INFO  LeagueFixtureSimulator:43 - Home: 62.2780406340968 Away: 86.89002226938084
2019-06-13 08:49:36 INFO  LeagueFixtureSimulator:43 - Home: 90.11264284223877 Away: 61.620283683549765
2019-06-13 08:49:37 INFO  LeagueFixtureSimulator:43 - Home: 77.38241957637356 Away: 85.23886763243138
2019-06-13 08:49:37 INFO  LeagueFixtureSimulator:43 - Home: 87.90529391942398 Away: 67.09514375358054
2019-06-13 08:49:39 INFO  LeagueFixtureSimulator:43 - Home: 80.5291176232047 Away: 93.87161094302975
2019-06-13 08:49:39 INFO  LeagueFixtureSimulator:43 - Home: 89.2485321138411 Away: 87.18829508759629
2019-06-13 08:49:40 INFO  LeagueFixtureSimulator:43 - Home: 56.62597965426304 Away: 93.12363874662773
2019-06-13 08:49:40 INFO  LeagueFixtureSimulator:43 - Home: 83.76470300248897 Away: 72.24732733044631
2019-06-13 08:49:41 INFO  LeagueFixtureSimulator:43 - Home: 92.12944539823886 Away: 74.74331486325006
2019-06-13 08:49:41 INFO  LeagueFixtureSimulator:43 - Home: 86.1144361628746 Away: 85.21180155601745
2019-06-13 08:49:44 INFO  LeagueFixtureSimulator:43 - Home: 87.98162852500985 Away: 91.20791853172662
2019-06-13 08:49:45 INFO  LeagueFixtureSimulator:43 - Home: 63.9730946440025 Away: 79.55009783292482
2019-06-13 08:49:45 INFO  LeagueFixtureSimulator:43 - Home: 68.44236565811595 Away: 58.02729385327538
2019-06-13 08:49:46 INFO  LeagueFixtureSimulator:43 - Home: 95.08677283014279 Away: 82.14077162565279
2019-06-13 08:49:46 INFO  LeagueFixtureSimulator:43 - Home: 95.47148252171458 Away: 76.30699212720022
2019-06-13 08:49:47 INFO  LeagueFixtureSimulator:43 - Home: 108.47919232370211 Away: 96.0297661607983
2019-06-13 08:49:49 INFO  LeagueFixtureSimulator:43 - Home: 112.41995921095275 Away: 62.10388163696668
2019-06-13 08:49:49 INFO  LeagueFixtureSimulator:43 - Home: 69.47958617953046 Away: 62.28578146702485
2019-06-13 08:49:50 INFO  LeagueFixtureSimulator:43 - Home: 64.87984011533285 Away: 69.74094063784358
2019-06-13 08:49:50 INFO  LeagueFixtureSimulator:43 - Home: 103.7099518509574 Away: 103.3523181141401
2019-06-13 08:49:51 INFO  LeagueFixtureSimulator:43 - Home: 70.89491331999456 Away: 86.93952161768856
2019-06-13 08:49:51 INFO  LeagueFixtureSimulator:43 - Home: 61.46124016112158 Away: 84.59571789069258
2019-06-13 08:56:48 INFO  LeagueFixtureSimulator:43 - Home: 86.8379336830369 Away: 75.45402669334226
2019-06-13 08:56:48 INFO  LeagueFixtureSimulator:43 - Home: 68.712337150422 Away: 85.3904140343646
2019-06-13 08:56:49 INFO  LeagueFixtureSimulator:43 - Home: 90.88326690414856 Away: 66.82721963772022
2019-06-13 08:56:49 INFO  LeagueFixtureSimulator:43 - Home: 78.99139651713372 Away: 95.09012249341231
2019-06-13 08:56:50 INFO  LeagueFixtureSimulator:43 - Home: 102.97886514076816 Away: 68.95083906444818
2019-06-13 08:56:50 INFO  LeagueFixtureSimulator:43 - Home: 70.02726924228327 Away: 56.155452004615405
2019-06-13 08:56:52 INFO  LeagueFixtureSimulator:43 - Home: 92.22671702572197 Away: 68.21805485179961
2019-06-13 08:56:53 INFO  LeagueFixtureSimulator:43 - Home: 61.92255387445358 Away: 55.43614282162488
2019-06-13 08:56:53 INFO  LeagueFixtureSimulator:43 - Home: 68.22246660898878 Away: 71.08200871570223
2019-06-13 08:56:54 INFO  LeagueFixtureSimulator:43 - Home: 80.3094881633275 Away: 79.1730054689045
2019-06-13 08:56:54 INFO  LeagueFixtureSimulator:43 - Home: 93.23120215632375 Away: 91.05518361468782
2019-06-13 08:56:55 INFO  LeagueFixtureSimulator:43 - Home: 74.19298229129028 Away: 61.00081977281957
2019-06-13 08:56:56 INFO  LeagueFixtureSimulator:43 - Home: 83.44256391792331 Away: 94.16483060102846
2019-06-13 08:56:57 INFO  LeagueFixtureSimulator:43 - Home: 86.21584627059283 Away: 105.95094433741887
2019-06-13 08:56:57 INFO  LeagueFixtureSimulator:43 - Home: 73.92269759593248 Away: 80.56800019243404
2019-06-13 08:56:58 INFO  LeagueFixtureSimulator:43 - Home: 69.34709649120846 Away: 89.80027586003021
2019-06-13 08:56:58 INFO  LeagueFixtureSimulator:43 - Home: 70.6800426233716 Away: 73.0457073433227
2019-06-13 08:56:59 INFO  LeagueFixtureSimulator:43 - Home: 88.7346241555018 Away: 65.14113038854065
2019-06-13 08:57:00 INFO  LeagueFixtureSimulator:43 - Home: 94.9102279541186 Away: 69.76161061319945
2019-06-13 08:57:01 INFO  LeagueFixtureSimulator:43 - Home: 63.76455838787163 Away: 86.3539165870948
2019-06-13 08:57:01 INFO  LeagueFixtureSimulator:43 - Home: 66.68702185390663 Away: 67.7190381657952
2019-06-13 08:57:02 INFO  LeagueFixtureSimulator:43 - Home: 52.273237018293806 Away: 84.24863691327988
2019-06-13 08:57:02 INFO  LeagueFixtureSimulator:43 - Home: 93.40173545897977 Away: 73.61044061932346
2019-06-13 08:57:03 INFO  LeagueFixtureSimulator:43 - Home: 107.45083265357124 Away: 49.660101724768
2019-06-13 08:57:04 INFO  LeagueFixtureSimulator:43 - Home: 108.88153878573497 Away: 67.02603050687017
2019-06-13 08:57:05 INFO  LeagueFixtureSimulator:43 - Home: 94.63353115477841 Away: 52.74034423968685
2019-06-13 08:57:05 INFO  LeagueFixtureSimulator:43 - Home: 56.7739211183484 Away: 112.57329955056532
2019-06-13 08:57:06 INFO  LeagueFixtureSimulator:43 - Home: 91.74633600038247 Away: 65.12569625970265
2019-06-13 08:57:06 INFO  LeagueFixtureSimulator:43 - Home: 81.08752263219367 Away: 84.40456778698547
2019-06-13 08:57:07 INFO  LeagueFixtureSimulator:43 - Home: 86.79145696433531 Away: 101.8205008818295
2019-06-13 08:57:08 INFO  LeagueFixtureSimulator:43 - Home: 76.17184391364081 Away: 94.03749152778421
2019-06-13 08:57:08 INFO  LeagueFixtureSimulator:43 - Home: 66.94049405817853 Away: 102.35539700796538
2019-06-13 08:57:09 INFO  LeagueFixtureSimulator:43 - Home: 93.12496261456215 Away: 86.62336606063728
2019-06-13 08:57:09 INFO  LeagueFixtureSimulator:43 - Home: 72.71423419773627 Away: 73.4603625001404
2019-06-13 08:57:10 INFO  LeagueFixtureSimulator:43 - Home: 48.57843617850845 Away: 78.45347795456196
2019-06-13 08:57:10 INFO  LeagueFixtureSimulator:43 - Home: 69.72775086164737 Away: 94.94752284096927
2019-06-13 08:57:12 INFO  LeagueFixtureSimulator:43 - Home: 95.98581519195422 Away: 73.59299364535308
2019-06-13 08:57:12 INFO  LeagueFixtureSimulator:43 - Home: 81.85986928046454 Away: 68.44515410614297
2019-06-13 08:57:13 INFO  LeagueFixtureSimulator:43 - Home: 93.69624926005207 Away: 75.49095898610652
2019-06-13 08:57:13 INFO  LeagueFixtureSimulator:43 - Home: 76.16906038123395 Away: 90.11885267493706
2019-06-13 08:57:14 INFO  LeagueFixtureSimulator:43 - Home: 61.83101368812909 Away: 73.1717107995898
2019-06-13 08:57:14 INFO  LeagueFixtureSimulator:43 - Home: 88.55319299029098 Away: 77.83057931810939
2019-06-13 08:57:16 INFO  LeagueFixtureSimulator:43 - Home: 88.5420495010193 Away: 68.04848109014196
2019-06-13 08:57:16 INFO  LeagueFixtureSimulator:43 - Home: 96.1775091466194 Away: 87.91157710262496
2019-06-13 08:57:17 INFO  LeagueFixtureSimulator:43 - Home: 59.64728079474612 Away: 83.10231251267783
2019-06-13 08:57:17 INFO  LeagueFixtureSimulator:43 - Home: 89.34396448572933 Away: 72.37544339844536
2019-06-13 08:57:18 INFO  LeagueFixtureSimulator:43 - Home: 102.09175714887402 Away: 83.81260642819976
2019-06-13 08:57:18 INFO  LeagueFixtureSimulator:43 - Home: 75.9176053535443 Away: 78.98743409759719
2019-06-13 08:57:20 INFO  LeagueFixtureSimulator:43 - Home: 81.3775050242208 Away: 67.06791909424636
2019-06-13 08:57:20 INFO  LeagueFixtureSimulator:43 - Home: 123.49973509553513 Away: 69.05889569010749
2019-06-13 08:57:21 INFO  LeagueFixtureSimulator:43 - Home: 107.0535728812496 Away: 62.94636170071691
2019-06-13 08:57:21 INFO  LeagueFixtureSimulator:43 - Home: 87.72938961953028 Away: 66.15933556430795
2019-06-13 08:57:22 INFO  LeagueFixtureSimulator:43 - Home: 83.02011338803287 Away: 70.53798574326989
2019-06-13 08:57:22 INFO  LeagueFixtureSimulator:43 - Home: 99.69387826922 Away: 92.15311515332708
2019-06-13 08:57:24 INFO  LeagueFixtureSimulator:43 - Home: 82.94137826834769 Away: 93.69854220214457
2019-06-13 08:57:25 INFO  LeagueFixtureSimulator:43 - Home: 74.13680209892233 Away: 89.43274909050261
2019-06-13 08:57:25 INFO  LeagueFixtureSimulator:43 - Home: 79.96704265879 Away: 64.09745001089661
2019-06-13 08:57:26 INFO  LeagueFixtureSimulator:43 - Home: 82.46595447657523 Away: 89.27451188389468
2019-06-13 08:57:26 INFO  LeagueFixtureSimulator:43 - Home: 81.07610945695697 Away: 91.77864109837715
2019-06-13 08:57:27 INFO  LeagueFixtureSimulator:43 - Home: 98.40689242991786 Away: 80.67072179555385
2019-06-13 08:57:28 INFO  LeagueFixtureSimulator:43 - Home: 84.20418011266509 Away: 70.76983396765422
2019-06-13 08:57:29 INFO  LeagueFixtureSimulator:43 - Home: 61.63299027771063 Away: 97.43052442513948
2019-06-13 08:57:29 INFO  LeagueFixtureSimulator:43 - Home: 66.97012153118258 Away: 90.79261199063605
2019-06-13 08:57:30 INFO  LeagueFixtureSimulator:43 - Home: 61.502546703535714 Away: 86.24681300266636
2019-06-13 08:57:30 INFO  LeagueFixtureSimulator:43 - Home: 64.96541008089035 Away: 81.57978687403966
2019-06-13 08:57:31 INFO  LeagueFixtureSimulator:43 - Home: 62.08822512851569 Away: 92.06257009282284
2019-06-13 08:57:32 INFO  LeagueFixtureSimulator:43 - Home: 114.37947972819063 Away: 91.51254216706032
2019-06-13 08:57:33 INFO  LeagueFixtureSimulator:43 - Home: 117.67009879745625 Away: 90.57465983582094
2019-06-13 08:57:33 INFO  LeagueFixtureSimulator:43 - Home: 56.480143176118254 Away: 110.95033144776994
2019-06-13 08:57:34 INFO  LeagueFixtureSimulator:43 - Home: 90.0105511136598 Away: 100.04539443155387
2019-06-13 08:57:34 INFO  LeagueFixtureSimulator:43 - Home: 87.11858451448893 Away: 56.23502067310026
2019-06-13 08:57:35 INFO  LeagueFixtureSimulator:43 - Home: 82.02340485019 Away: 67.45340440531625
2019-06-13 08:57:36 INFO  LeagueFixtureSimulator:43 - Home: 79.18964607025941 Away: 89.97057582126313
2019-06-13 08:57:37 INFO  LeagueFixtureSimulator:43 - Home: 77.99110591330991 Away: 78.78896956431473
2019-06-13 08:57:37 INFO  LeagueFixtureSimulator:43 - Home: 103.57361960687138 Away: 102.40898021307106
2019-06-13 08:57:38 INFO  LeagueFixtureSimulator:43 - Home: 78.96885198657762 Away: 88.31858727248476
2019-06-13 08:57:38 INFO  LeagueFixtureSimulator:43 - Home: 72.21004003046377 Away: 58.126193198662314
2019-06-13 08:57:39 INFO  LeagueFixtureSimulator:43 - Home: 119.54495438566983 Away: 81.66594912534109
2019-06-13 08:57:41 INFO  LeagueFixtureSimulator:43 - Home: 87.24282628647853 Away: 110.86530030637357
2019-06-13 08:57:41 INFO  LeagueFixtureSimulator:43 - Home: 100.19613135054124 Away: 89.74237470889044
2019-06-13 08:57:42 INFO  LeagueFixtureSimulator:43 - Home: 87.11882511343262 Away: 73.6385214551381
2019-06-13 08:57:42 INFO  LeagueFixtureSimulator:43 - Home: 80.64548330121428 Away: 93.08376524740089
2019-06-13 08:57:43 INFO  LeagueFixtureSimulator:43 - Home: 80.1957129593871 Away: 60.29037548200994
2019-06-13 08:57:43 INFO  LeagueFixtureSimulator:43 - Home: 73.71085392481821 Away: 76.1247031399522
2019-06-13 08:57:45 INFO  LeagueFixtureSimulator:43 - Home: 61.689031688415575 Away: 95.18110499465521
2019-06-13 08:57:45 INFO  LeagueFixtureSimulator:43 - Home: 76.2675138925099 Away: 50.01058281373601
2019-06-13 08:57:46 INFO  LeagueFixtureSimulator:43 - Home: 104.6408020961083 Away: 89.61715189502299
2019-06-13 08:57:46 INFO  LeagueFixtureSimulator:43 - Home: 70.42425823162114 Away: 76.01719281610399
2019-06-13 08:57:47 INFO  LeagueFixtureSimulator:43 - Home: 76.1728256090669 Away: 68.76057471010097
2019-06-13 08:57:47 INFO  LeagueFixtureSimulator:43 - Home: 78.59277421500386 Away: 103.18316604986379
2019-06-13 08:57:50 INFO  LeagueFixtureSimulator:43 - Home: 92.6922733353658 Away: 69.52841262156136
2019-06-13 08:57:50 INFO  LeagueFixtureSimulator:43 - Home: 111.64988504911429 Away: 88.06027108177112
2019-06-13 08:57:51 INFO  LeagueFixtureSimulator:43 - Home: 99.70725660524107 Away: 70.92165255553992
2019-06-13 08:57:51 INFO  LeagueFixtureSimulator:43 - Home: 108.49344199500857 Away: 66.17983705331241
2019-06-13 08:57:52 INFO  LeagueFixtureSimulator:43 - Home: 112.89532288861471 Away: 78.0682922962843
2019-06-13 08:57:52 INFO  LeagueFixtureSimulator:43 - Home: 74.2122231102663 Away: 60.58020286437863
2019-06-13 08:57:54 INFO  LeagueFixtureSimulator:43 - Home: 56.64657912042617 Away: 66.1130835635324
2019-06-13 08:57:54 INFO  LeagueFixtureSimulator:43 - Home: 86.45544998774362 Away: 85.40858728489036
2019-06-13 08:57:55 INFO  LeagueFixtureSimulator:43 - Home: 72.33322032255789 Away: 66.50088518883788
2019-06-13 08:57:55 INFO  LeagueFixtureSimulator:43 - Home: 47.9544891320988 Away: 71.03809165098798
2019-06-13 08:57:56 INFO  LeagueFixtureSimulator:43 - Home: 81.15219977820632 Away: 82.5215289982289
2019-06-13 08:57:56 INFO  LeagueFixtureSimulator:43 - Home: 86.50477351410262 Away: 77.28598404936885
2019-06-13 08:57:57 INFO  LeagueFixtureSimulator:43 - Home: 106.91663859488938 Away: 63.029409855509606
2019-06-13 08:57:58 INFO  LeagueFixtureSimulator:43 - Home: 101.18137884158776 Away: 56.85432304939805
2019-06-13 08:57:58 INFO  LeagueFixtureSimulator:43 - Home: 99.97921153635559 Away: 51.275980562407746
2019-06-13 08:57:59 INFO  LeagueFixtureSimulator:43 - Home: 79.65532062838588 Away: 67.52552726405104
2019-06-13 08:57:59 INFO  LeagueFixtureSimulator:43 - Home: 85.5355594968022 Away: 70.70109499966694
2019-06-13 08:58:00 INFO  LeagueFixtureSimulator:43 - Home: 101.27760780902949 Away: 48.39007117588803
2019-06-13 08:58:02 INFO  LeagueFixtureSimulator:43 - Home: 74.06637195387165 Away: 68.37215356727911
2019-06-13 08:58:02 INFO  LeagueFixtureSimulator:43 - Home: 68.24789686724266 Away: 107.95483461631537
2019-06-13 08:58:03 INFO  LeagueFixtureSimulator:43 - Home: 87.35706491889343 Away: 81.77018702879525
2019-06-13 08:58:03 INFO  LeagueFixtureSimulator:43 - Home: 95.69087361092835 Away: 92.61488405330938
2019-06-13 08:58:04 INFO  LeagueFixtureSimulator:43 - Home: 67.00424618590478 Away: 77.96978443558581
2019-06-13 08:58:04 INFO  LeagueFixtureSimulator:43 - Home: 76.5873081341219 Away: 103.00157982198712
2019-06-13 08:58:06 INFO  LeagueFixtureSimulator:43 - Home: 96.20520085894326 Away: 85.07426694197805
2019-06-13 08:58:06 INFO  LeagueFixtureSimulator:43 - Home: 61.6093912135691 Away: 95.30247873806246
2019-06-13 08:58:07 INFO  LeagueFixtureSimulator:43 - Home: 87.60742275288999 Away: 91.92742507426598
2019-06-13 08:58:07 INFO  LeagueFixtureSimulator:43 - Home: 69.02452893080888 Away: 88.87106803700854
2019-06-13 08:58:08 INFO  LeagueFixtureSimulator:43 - Home: 54.34038958858796 Away: 97.42739954661369
2019-06-13 08:58:08 INFO  LeagueFixtureSimulator:43 - Home: 111.82111884999973 Away: 72.28612093358068
2019-06-13 08:58:10 INFO  LeagueFixtureSimulator:43 - Home: 82.27452523551267 Away: 93.7570622643921
2019-06-13 08:58:10 INFO  LeagueFixtureSimulator:43 - Home: 80.03042271895941 Away: 48.33042319891761
2019-06-13 08:58:11 INFO  LeagueFixtureSimulator:43 - Home: 64.37965522797008 Away: 90.13935901377481
2019-06-13 08:58:11 INFO  LeagueFixtureSimulator:43 - Home: 57.61564423628603 Away: 111.47137377562893
2019-06-13 08:58:12 INFO  LeagueFixtureSimulator:43 - Home: 81.9273734723564 Away: 93.5210094621173
2019-06-13 08:58:12 INFO  LeagueFixtureSimulator:43 - Home: 81.49776713556557 Away: 46.00196934922877
2019-06-13 08:58:14 INFO  LeagueFixtureSimulator:43 - Home: 92.94605166002749 Away: 82.18505211270573
2019-06-13 08:58:14 INFO  LeagueFixtureSimulator:43 - Home: 86.49982316550545 Away: 83.17554493521972
2019-06-13 08:58:15 INFO  LeagueFixtureSimulator:43 - Home: 57.316989126849286 Away: 66.21500684866832
2019-06-13 08:58:15 INFO  LeagueFixtureSimulator:43 - Home: 100.44418219125419 Away: 72.59532714025649
2019-06-13 08:58:16 INFO  LeagueFixtureSimulator:43 - Home: 81.01672574328292 Away: 81.44155580039735
2019-06-13 08:58:16 INFO  LeagueFixtureSimulator:43 - Home: 71.75094500199027 Away: 68.9679288256211
2019-06-13 08:58:18 INFO  LeagueFixtureSimulator:43 - Home: 78.95633690453754 Away: 65.91503240722112
2019-06-13 08:58:18 INFO  LeagueFixtureSimulator:43 - Home: 114.09255864080252 Away: 58.71367194230879
2019-06-13 08:58:19 INFO  LeagueFixtureSimulator:43 - Home: 74.35782985771276 Away: 71.30128628790834
2019-06-13 08:58:19 INFO  LeagueFixtureSimulator:43 - Home: 92.5498888689517 Away: 98.02391872789661
2019-06-13 08:58:20 INFO  LeagueFixtureSimulator:43 - Home: 66.608792156499 Away: 56.71689949826256
2019-06-13 08:58:20 INFO  LeagueFixtureSimulator:43 - Home: 101.04304166037758 Away: 79.10168013824708
2019-06-13 08:58:22 INFO  LeagueFixtureSimulator:43 - Home: 56.52235487062477 Away: 61.37235180514232
2019-06-13 08:58:23 INFO  LeagueFixtureSimulator:43 - Home: 125.74670467292246 Away: 79.39599578236616
2019-06-13 08:58:23 INFO  LeagueFixtureSimulator:43 - Home: 107.59399253017267 Away: 83.50159093490443
2019-06-13 08:58:24 INFO  LeagueFixtureSimulator:43 - Home: 107.54830262556038 Away: 68.84588779313583
2019-06-13 08:58:24 INFO  LeagueFixtureSimulator:43 - Home: 78.12092903526204 Away: 99.34312634838224
2019-06-13 08:58:25 INFO  LeagueFixtureSimulator:43 - Home: 91.95835842941617 Away: 93.82382178420697
2019-06-13 08:58:26 INFO  LeagueFixtureSimulator:43 - Home: 89.34594129186706 Away: 85.84001726789639
2019-06-13 08:58:27 INFO  LeagueFixtureSimulator:43 - Home: 79.38225361232764 Away: 71.06437393594076
2019-06-13 08:58:27 INFO  LeagueFixtureSimulator:43 - Home: 85.6043506186451 Away: 76.74879887766186
2019-06-13 08:58:28 INFO  LeagueFixtureSimulator:43 - Home: 67.45271228507767 Away: 79.54626288696993
2019-06-13 08:58:28 INFO  LeagueFixtureSimulator:43 - Home: 116.02799254875447 Away: 51.47018820213047
2019-06-13 08:58:29 INFO  LeagueFixtureSimulator:43 - Home: 88.87743936566812 Away: 72.90677225209502
2019-06-13 08:58:30 INFO  LeagueFixtureSimulator:43 - Home: 74.92013728116981 Away: 69.41760876889657
2019-06-13 08:58:31 INFO  LeagueFixtureSimulator:43 - Home: 59.630729349469696 Away: 77.06388911237043
2019-06-13 08:58:31 INFO  LeagueFixtureSimulator:43 - Home: 121.72768685059233 Away: 79.26551969748876
2019-06-13 08:58:32 INFO  LeagueFixtureSimulator:43 - Home: 79.83513032105478 Away: 84.88052587341089
2019-06-13 08:58:32 INFO  LeagueFixtureSimulator:43 - Home: 91.93230270873727 Away: 81.86983195055792
2019-06-13 08:58:33 INFO  LeagueFixtureSimulator:43 - Home: 66.04556405369031 Away: 85.50610167361945
2019-06-13 08:58:35 INFO  LeagueFixtureSimulator:43 - Home: 93.2084405233463 Away: 103.21373265793257
2019-06-13 08:58:35 INFO  LeagueFixtureSimulator:43 - Home: 103.08260680763587 Away: 59.05015904420846
2019-06-13 08:58:36 INFO  LeagueFixtureSimulator:43 - Home: 61.241461895332584 Away: 78.85288076258337
2019-06-13 08:58:36 INFO  LeagueFixtureSimulator:43 - Home: 75.36670886890779 Away: 59.6525417567598
2019-06-13 08:58:37 INFO  LeagueFixtureSimulator:43 - Home: 79.44256329909265 Away: 94.92412272992439
2019-06-13 08:58:37 INFO  LeagueFixtureSimulator:43 - Home: 92.36759018059912 Away: 50.387084804862816
2019-06-13 08:58:39 INFO  LeagueFixtureSimulator:43 - Home: 90.74768592607069 Away: 92.20136574276135
2019-06-13 08:58:40 INFO  LeagueFixtureSimulator:43 - Home: 99.02621303090957 Away: 43.42299709783907
2019-06-13 08:58:40 INFO  LeagueFixtureSimulator:43 - Home: 115.0135554379855 Away: 93.04392892428797
2019-06-13 08:58:41 INFO  LeagueFixtureSimulator:43 - Home: 86.4523934636928 Away: 77.61343382309632
2019-06-13 08:58:41 INFO  LeagueFixtureSimulator:43 - Home: 73.50921331814818 Away: 106.63329764405842
2019-06-13 08:58:42 INFO  LeagueFixtureSimulator:43 - Home: 73.52697071294844 Away: 70.19254004973058
2019-06-13 08:58:59 INFO  LeagueFixtureSimulator:43 - Home: 103.92638710557148 Away: 82.4727146012605
2019-06-13 08:58:59 INFO  LeagueFixtureSimulator:43 - Home: 49.67513355436401 Away: 101.18938353722304
2019-06-13 08:59:00 INFO  LeagueFixtureSimulator:43 - Home: 122.36627614773488 Away: 97.48685908610894
2019-06-13 08:59:00 INFO  LeagueFixtureSimulator:43 - Home: 97.83270891379928 Away: 55.25598784137152
2019-06-13 08:59:01 INFO  LeagueFixtureSimulator:43 - Home: 62.57002952645337 Away: 79.87143653534606
2019-06-13 08:59:01 INFO  LeagueFixtureSimulator:43 - Home: 83.79892293947623 Away: 80.27577438459274
2019-06-13 08:59:25 INFO  LeagueFixtureSimulator:43 - Home: 108.41688473840455 Away: 61.688168123107694
2019-06-13 08:59:26 INFO  LeagueFixtureSimulator:43 - Home: 60.512038004849344 Away: 108.61452864091044
2019-06-13 08:59:26 INFO  LeagueFixtureSimulator:43 - Home: 75.77932952863235 Away: 73.61051659679488
2019-06-13 08:59:27 INFO  LeagueFixtureSimulator:43 - Home: 88.24047950690945 Away: 109.10668115880908
2019-06-13 08:59:27 INFO  LeagueFixtureSimulator:43 - Home: 124.42742027932769 Away: 58.91590076820388
2019-06-13 08:59:28 INFO  LeagueFixtureSimulator:43 - Home: 84.03324483576539 Away: 79.74115498623564
2019-06-13 09:03:49 INFO  LeagueFixtureSimulator:43 - Home: 69.35019937457162 Away: 78.80305513927591
2019-06-13 09:03:49 INFO  LeagueFixtureSimulator:43 - Home: 89.6425235842182 Away: 74.9878677616442
2019-06-13 09:03:50 INFO  LeagueFixtureSimulator:43 - Home: 65.44271685295419 Away: 62.22783897031206
2019-06-13 09:03:50 INFO  LeagueFixtureSimulator:43 - Home: 77.70461330956834 Away: 61.4613890012909
2019-06-13 09:03:51 INFO  LeagueFixtureSimulator:43 - Home: 65.36666837180253 Away: 71.13852918797393
2019-06-13 09:03:51 INFO  LeagueFixtureSimulator:43 - Home: 62.241825282169714 Away: 59.48582204705447
2019-06-13 09:03:53 INFO  LeagueFixtureSimulator:43 - Home: 87.0942194000267 Away: 75.72671932710665
2019-06-13 09:03:54 INFO  LeagueFixtureSimulator:43 - Home: 63.88689846574094 Away: 84.93394959698921
2019-06-13 09:03:54 INFO  LeagueFixtureSimulator:43 - Home: 91.68022227299564 Away: 71.48186945948603
2019-06-13 09:03:55 INFO  LeagueFixtureSimulator:43 - Home: 56.56269842115029 Away: 67.42205978437923
2019-06-13 09:03:55 INFO  LeagueFixtureSimulator:43 - Home: 62.53433547844136 Away: 78.09982301910634
2019-06-13 09:03:56 INFO  LeagueFixtureSimulator:43 - Home: 65.05650175191248 Away: 60.36822770711768
2019-06-13 09:04:00 INFO  LeagueFixtureSimulator:43 - Home: 89.54056602618051 Away: 56.636815912098285
2019-06-13 09:04:00 INFO  LeagueFixtureSimulator:43 - Home: 60.321946502409034 Away: 71.96295825691375
2019-06-13 09:04:01 INFO  LeagueFixtureSimulator:43 - Home: 78.63433971100336 Away: 68.41098179985927
2019-06-13 09:04:01 INFO  LeagueFixtureSimulator:43 - Home: 99.474754102692 Away: 59.52855839489871
2019-06-13 09:04:02 INFO  LeagueFixtureSimulator:43 - Home: 91.47625529544007 Away: 88.96377045393697
2019-06-13 09:04:02 INFO  LeagueFixtureSimulator:43 - Home: 76.18425696101127 Away: 84.32782852167149
2019-06-13 09:04:04 INFO  LeagueFixtureSimulator:43 - Home: 95.30968024121123 Away: 75.07345481171613
2019-06-13 09:04:04 INFO  LeagueFixtureSimulator:43 - Home: 66.09027483633571 Away: 82.97640185950233
2019-06-13 09:04:05 INFO  LeagueFixtureSimulator:43 - Home: 114.97201305567283 Away: 62.075171530032755
2019-06-13 09:04:05 INFO  LeagueFixtureSimulator:43 - Home: 95.5776544840555 Away: 74.07118469782019
2019-06-13 09:04:06 INFO  LeagueFixtureSimulator:43 - Home: 74.03224942993876 Away: 92.08820589041652
2019-06-13 09:04:06 INFO  LeagueFixtureSimulator:43 - Home: 83.3511717412154 Away: 72.54696529712072
2019-06-13 09:04:27 INFO  LeagueFixtureSimulator:43 - Home: 77.62247276968388 Away: 86.74986460133492
2019-06-13 09:04:27 INFO  LeagueFixtureSimulator:43 - Home: 62.244014695726605 Away: 89.72055753446166
2019-06-13 09:04:28 INFO  LeagueFixtureSimulator:43 - Home: 86.93150863671556 Away: 62.967308235568545
2019-06-13 09:04:28 INFO  LeagueFixtureSimulator:43 - Home: 86.95376083865247 Away: 73.15162542416412
2019-06-13 09:04:29 INFO  LeagueFixtureSimulator:43 - Home: 93.536113302745 Away: 62.110872419304805
2019-06-13 09:04:29 INFO  LeagueFixtureSimulator:43 - Home: 77.16896582281905 Away: 48.63044076987155
2019-06-13 09:04:31 INFO  LeagueFixtureSimulator:43 - Home: 77.94049236471636 Away: 97.9674514584889
2019-06-13 09:04:31 INFO  LeagueFixtureSimulator:43 - Home: 89.17059149941656 Away: 96.60533590644617
2019-06-13 09:04:32 INFO  LeagueFixtureSimulator:43 - Home: 72.31081175391573 Away: 102.39072544040935
2019-06-13 09:04:32 INFO  LeagueFixtureSimulator:43 - Home: 98.55474392657989 Away: 73.24501110410124
2019-06-13 09:04:33 INFO  LeagueFixtureSimulator:43 - Home: 109.1406775392385 Away: 65.24126902621984
2019-06-13 09:04:33 INFO  LeagueFixtureSimulator:43 - Home: 70.51705774587046 Away: 92.75746993993782
2019-06-13 09:04:34 INFO  LeagueFixtureSimulator:43 - Home: 96.38064356285582 Away: 61.05640292958262
2019-06-13 09:04:35 INFO  LeagueFixtureSimulator:43 - Home: 111.79686120977772 Away: 53.06204143282172
2019-06-13 09:04:35 INFO  LeagueFixtureSimulator:43 - Home: 77.93924326347168 Away: 74.73752363348926
2019-06-13 09:04:36 INFO  LeagueFixtureSimulator:43 - Home: 98.63015038320952 Away: 90.42692621655817
2019-06-13 09:04:36 INFO  LeagueFixtureSimulator:43 - Home: 115.50055064314853 Away: 84.55837092069144
2019-06-13 09:04:37 INFO  LeagueFixtureSimulator:43 - Home: 73.44349417205571 Away: 62.118022759136835
2019-06-13 09:04:44 INFO  LeagueFixtureSimulator:43 - Home: 99.003134704037 Away: 64.21516182721467
2019-06-13 09:04:44 INFO  LeagueFixtureSimulator:43 - Home: 56.456481475594074 Away: 104.1272088910368
2019-06-13 09:04:45 INFO  LeagueFixtureSimulator:43 - Home: 96.92679711346324 Away: 74.4281611381179
2019-06-13 09:04:45 INFO  LeagueFixtureSimulator:43 - Home: 116.35652134092433 Away: 75.55200922639352
2019-06-13 09:04:46 INFO  LeagueFixtureSimulator:43 - Home: 110.44363072890212 Away: 85.45338048007288
2019-06-13 09:04:46 INFO  LeagueFixtureSimulator:43 - Home: 85.47366904649363 Away: 100.90431423563206
2019-06-13 09:04:50 INFO  LeagueFixtureSimulator:43 - Home: 101.54130234738395 Away: 92.25844404909908
2019-06-13 09:04:51 INFO  LeagueFixtureSimulator:43 - Home: 73.26067841779985 Away: 108.51101243196962
2019-06-13 09:04:51 INFO  LeagueFixtureSimulator:43 - Home: 81.48815129538337 Away: 73.49919437762293
2019-06-13 09:04:52 INFO  LeagueFixtureSimulator:43 - Home: 94.61063219130595 Away: 48.2066884526451
2019-06-13 09:04:52 INFO  LeagueFixtureSimulator:43 - Home: 66.41193896927962 Away: 65.13010771730474
2019-06-13 09:04:53 INFO  LeagueFixtureSimulator:43 - Home: 83.24709845919904 Away: 85.19923468937826
2019-06-13 09:04:56 INFO  LeagueFixtureSimulator:43 - Home: 91.98663021597272 Away: 84.32861965951629
2019-06-13 09:04:56 INFO  LeagueFixtureSimulator:43 - Home: 73.84081189212336 Away: 74.99960927562456
2019-06-13 09:04:57 INFO  LeagueFixtureSimulator:43 - Home: 82.48460430595509 Away: 59.15980552159985
2019-06-13 09:04:57 INFO  LeagueFixtureSimulator:43 - Home: 55.6133313352435 Away: 90.14148796707913
2019-06-13 09:04:58 INFO  LeagueFixtureSimulator:43 - Home: 67.17942747585317 Away: 95.57444874999582
2019-06-13 09:04:58 INFO  LeagueFixtureSimulator:43 - Home: 103.7468132632869 Away: 75.54734568794817
2019-06-13 09:05:00 INFO  LeagueFixtureSimulator:43 - Home: 62.26351471084262 Away: 68.14510495846824
2019-06-13 09:05:01 INFO  LeagueFixtureSimulator:43 - Home: 99.81535051372592 Away: 104.91441209897347
2019-06-13 09:05:01 INFO  LeagueFixtureSimulator:43 - Home: 91.04916833685677 Away: 89.76849826800024
2019-06-13 09:05:02 INFO  LeagueFixtureSimulator:43 - Home: 89.28489239129442 Away: 83.8372153180979
2019-06-13 09:05:02 INFO  LeagueFixtureSimulator:43 - Home: 101.87020494385553 Away: 81.69057064861725
2019-06-13 09:05:03 INFO  LeagueFixtureSimulator:43 - Home: 57.224096187403134 Away: 104.14991074837037
2019-06-13 09:05:05 INFO  LeagueFixtureSimulator:43 - Home: 81.37469387366468 Away: 61.46654522231698
2019-06-13 09:05:06 INFO  LeagueFixtureSimulator:43 - Home: 76.64653129409739 Away: 75.77547389145737
2019-06-13 09:05:06 INFO  LeagueFixtureSimulator:43 - Home: 93.93023076160377 Away: 82.5898886164484
2019-06-13 09:05:07 INFO  LeagueFixtureSimulator:43 - Home: 52.94296119249709 Away: 88.40691638558681
2019-06-13 09:05:07 INFO  LeagueFixtureSimulator:43 - Home: 90.89472299304273 Away: 86.54974903625319
2019-06-13 09:05:08 INFO  LeagueFixtureSimulator:43 - Home: 102.83170518131371 Away: 70.6977551456273
2019-06-13 09:05:09 INFO  LeagueFixtureSimulator:43 - Home: 86.42426528263779 Away: 70.039344657059
2019-06-13 09:05:09 INFO  LeagueFixtureSimulator:43 - Home: 81.82161671667964 Away: 102.76815155534274
2019-06-13 09:05:10 INFO  LeagueFixtureSimulator:43 - Home: 64.89828956818016 Away: 59.41552982812468
2019-06-13 09:05:10 INFO  LeagueFixtureSimulator:43 - Home: 92.71731306357334 Away: 45.23645010962331
2019-06-13 09:05:11 INFO  LeagueFixtureSimulator:43 - Home: 78.61443803248042 Away: 105.84182748578786
2019-06-13 09:05:11 INFO  LeagueFixtureSimulator:43 - Home: 75.91131847882885 Away: 73.63510408359686
2019-06-13 09:05:14 INFO  LeagueFixtureSimulator:43 - Home: 109.80925771887048 Away: 69.65690217674903
2019-06-13 09:05:14 INFO  LeagueFixtureSimulator:43 - Home: 79.64423129655933 Away: 89.84417576713011
2019-06-13 09:05:15 INFO  LeagueFixtureSimulator:43 - Home: 90.5128628307479 Away: 63.56918795993012
2019-06-13 09:05:15 INFO  LeagueFixtureSimulator:43 - Home: 53.429609458900764 Away: 84.35291609788382
2019-06-13 09:05:16 INFO  LeagueFixtureSimulator:43 - Home: 122.03139944379618 Away: 81.471023641673
2019-06-13 09:05:16 INFO  LeagueFixtureSimulator:43 - Home: 56.32641745921063 Away: 95.71558139232388
2019-06-13 09:05:21 INFO  LeagueFixtureSimulator:43 - Home: 77.82910405312455 Away: 80.2843177756257
2019-06-13 09:05:22 INFO  LeagueFixtureSimulator:43 - Home: 109.29947195667273 Away: 81.61363223834029
2019-06-13 09:05:22 INFO  LeagueFixtureSimulator:43 - Home: 73.37834711459338 Away: 47.66484125457401
2019-06-13 09:05:23 INFO  LeagueFixtureSimulator:43 - Home: 49.52076731227222 Away: 75.48613733294397
2019-06-13 09:05:23 INFO  LeagueFixtureSimulator:43 - Home: 82.95284905571032 Away: 70.38672542671115
2019-06-13 09:05:24 INFO  LeagueFixtureSimulator:43 - Home: 112.29565174948249 Away: 88.03198098647476
2019-06-13 09:05:26 INFO  LeagueFixtureSimulator:43 - Home: 74.67696955065877 Away: 68.86971908842045
2019-06-13 09:05:26 INFO  LeagueFixtureSimulator:43 - Home: 100.10181136950708 Away: 58.95758723303623
2019-06-13 09:05:27 INFO  LeagueFixtureSimulator:43 - Home: 104.08111511724897 Away: 93.31851685180828
2019-06-13 09:05:27 INFO  LeagueFixtureSimulator:43 - Home: 114.6648426044259 Away: 97.76333455260485
2019-06-13 09:05:28 INFO  LeagueFixtureSimulator:43 - Home: 103.37148297226383 Away: 95.31185468968464
2019-06-13 09:05:28 INFO  LeagueFixtureSimulator:43 - Home: 70.70404951199824 Away: 90.06991909609039
2019-06-13 09:05:41 INFO  LeagueFixtureSimulator:43 - Home: 65.37235965017044 Away: 64.62295853549129
2019-06-13 09:05:41 INFO  LeagueFixtureSimulator:43 - Home: 110.98016689846742 Away: 96.12600307567179
2019-06-13 09:05:42 INFO  LeagueFixtureSimulator:43 - Home: 110.85156802900644 Away: 81.27070243425997
2019-06-13 09:05:42 INFO  LeagueFixtureSimulator:43 - Home: 98.80899563641582 Away: 47.068445023860406
2019-06-13 09:05:43 INFO  LeagueFixtureSimulator:43 - Home: 61.80750258165264 Away: 57.27265768767832
2019-06-13 09:05:43 INFO  LeagueFixtureSimulator:43 - Home: 77.24707546189947 Away: 81.42274360639712
2019-06-13 09:05:46 INFO  LeagueFixtureSimulator:43 - Home: 69.94090082977532 Away: 91.97293216859887
2019-06-13 09:05:47 INFO  LeagueFixtureSimulator:43 - Home: 59.78652415139414 Away: 90.87254231746826
2019-06-13 09:05:47 INFO  LeagueFixtureSimulator:43 - Home: 77.88666722469526 Away: 78.60162997677585
2019-06-13 09:05:48 INFO  LeagueFixtureSimulator:43 - Home: 93.94938423535523 Away: 63.4344662759965
2019-06-13 09:05:48 INFO  LeagueFixtureSimulator:43 - Home: 101.71599314534703 Away: 91.457638457635
2019-06-13 09:05:49 INFO  LeagueFixtureSimulator:43 - Home: 90.19619878402284 Away: 106.7592388253489
2019-06-13 09:05:51 INFO  LeagueFixtureSimulator:43 - Home: 74.82572844281671 Away: 82.0156646674212
2019-06-13 09:05:51 INFO  LeagueFixtureSimulator:43 - Home: 99.58689380044777 Away: 63.557577472035085
2019-06-13 09:05:52 INFO  LeagueFixtureSimulator:43 - Home: 72.01932820253347 Away: 70.32317702206915
2019-06-13 09:05:52 INFO  LeagueFixtureSimulator:43 - Home: 92.81188284876319 Away: 69.86078444830336
2019-06-13 09:05:53 INFO  LeagueFixtureSimulator:43 - Home: 94.65320358144474 Away: 75.43188591619614
2019-06-13 09:05:53 INFO  LeagueFixtureSimulator:43 - Home: 120.11542118901085 Away: 61.04871901385605
2019-06-13 09:06:00 INFO  LeagueFixtureSimulator:43 - Home: 67.6296417487371 Away: 74.83473038837346
2019-06-13 09:06:01 INFO  LeagueFixtureSimulator:43 - Home: 80.52727240927508 Away: 91.02646611164998
2019-06-13 09:06:01 INFO  LeagueFixtureSimulator:43 - Home: 94.85374582191902 Away: 61.489870822930335
2019-06-13 09:06:02 INFO  LeagueFixtureSimulator:43 - Home: 63.4486618213634 Away: 76.54367309109458
2019-06-13 09:06:02 INFO  LeagueFixtureSimulator:43 - Home: 64.05409160617415 Away: 63.279706779315305
2019-06-13 09:06:03 INFO  LeagueFixtureSimulator:43 - Home: 68.91632107338413 Away: 80.01849038051141
2019-06-13 09:06:05 INFO  LeagueFixtureSimulator:43 - Home: 107.02024301920119 Away: 52.884673801255026
2019-06-13 09:06:05 INFO  LeagueFixtureSimulator:43 - Home: 112.8497520106921 Away: 60.8427546105842
2019-06-13 09:06:06 INFO  LeagueFixtureSimulator:43 - Home: 82.64889591411138 Away: 94.08296556138139
2019-06-13 09:06:06 INFO  LeagueFixtureSimulator:43 - Home: 105.54891484803912 Away: 85.30253287771117
2019-06-13 09:06:07 INFO  LeagueFixtureSimulator:43 - Home: 93.73770914065767 Away: 101.81960241776798
2019-06-13 09:06:07 INFO  LeagueFixtureSimulator:43 - Home: 59.02050089993396 Away: 71.64414798908875
2019-06-13 09:06:10 INFO  LeagueFixtureSimulator:43 - Home: 87.7781916153053 Away: 77.52293065913649
2019-06-13 09:06:10 INFO  LeagueFixtureSimulator:43 - Home: 95.92783813300554 Away: 95.06448564770383
2019-06-13 09:06:11 INFO  LeagueFixtureSimulator:43 - Home: 120.3176543231609 Away: 67.45311047344802
2019-06-13 09:06:11 INFO  LeagueFixtureSimulator:43 - Home: 103.94687784946113 Away: 85.72340297584026
2019-06-13 09:06:12 INFO  LeagueFixtureSimulator:43 - Home: 107.95583397799763 Away: 82.22365625737692
2019-06-13 09:06:12 INFO  LeagueFixtureSimulator:43 - Home: 83.36806902333902 Away: 81.06274125267353
2019-06-13 09:06:17 INFO  LeagueFixtureSimulator:43 - Home: 78.07303732768347 Away: 68.9637482652351
2019-06-13 09:06:18 INFO  LeagueFixtureSimulator:43 - Home: 93.20243796421505 Away: 72.27511263499281
2019-06-13 09:06:18 INFO  LeagueFixtureSimulator:43 - Home: 84.88622789807987 Away: 91.75315401483549
2019-06-13 09:06:19 INFO  LeagueFixtureSimulator:43 - Home: 123.20470169582839 Away: 70.43844724475935
2019-06-13 09:06:19 INFO  LeagueFixtureSimulator:43 - Home: 81.30087693343393 Away: 54.036515413880984
2019-06-13 09:06:20 INFO  LeagueFixtureSimulator:43 - Home: 76.53824996213508 Away: 105.067145364397
2019-06-13 09:06:22 INFO  LeagueFixtureSimulator:43 - Home: 97.93899400250774 Away: 67.18789054495065
2019-06-13 09:06:22 INFO  LeagueFixtureSimulator:43 - Home: 85.39454619346614 Away: 84.78649168336868
2019-06-13 09:06:23 INFO  LeagueFixtureSimulator:43 - Home: 89.53187907943195 Away: 100.90732443005444
2019-06-13 09:06:23 INFO  LeagueFixtureSimulator:43 - Home: 109.83991901447513 Away: 49.577642872282624
2019-06-13 09:06:24 INFO  LeagueFixtureSimulator:43 - Home: 84.14985406393627 Away: 96.9645462041411
2019-06-13 09:06:24 INFO  LeagueFixtureSimulator:43 - Home: 78.27958030008143 Away: 63.19196442976846
2019-06-13 09:06:28 INFO  LeagueFixtureSimulator:43 - Home: 87.68673558927134 Away: 95.34085555790617
2019-06-13 09:06:28 INFO  LeagueFixtureSimulator:43 - Home: 68.84445396925037 Away: 83.96342620752077
2019-06-13 09:06:29 INFO  LeagueFixtureSimulator:43 - Home: 63.498602377021726 Away: 62.37348747702879
2019-06-13 09:06:29 INFO  LeagueFixtureSimulator:43 - Home: 93.05341262513446 Away: 70.74205502000046
2019-06-13 09:06:30 INFO  LeagueFixtureSimulator:43 - Home: 58.88769607424705 Away: 94.44871194386822
2019-06-13 09:06:30 INFO  LeagueFixtureSimulator:43 - Home: 84.50786202797845 Away: 84.38554612933312
2019-06-13 09:06:33 INFO  LeagueFixtureSimulator:43 - Home: 92.37082137467382 Away: 64.47300927641311
2019-06-13 09:06:34 INFO  LeagueFixtureSimulator:43 - Home: 73.52778087984086 Away: 117.08694601387353
2019-06-13 09:06:34 INFO  LeagueFixtureSimulator:43 - Home: 83.29732670365331 Away: 47.37269071769312
2019-06-13 09:06:35 INFO  LeagueFixtureSimulator:43 - Home: 85.10848442635803 Away: 72.05867871521784
2019-06-13 09:06:35 INFO  LeagueFixtureSimulator:43 - Home: 89.03763888263288 Away: 57.87491498533844
2019-06-13 09:06:36 INFO  LeagueFixtureSimulator:43 - Home: 123.36971640190089 Away: 65.76347430110285
2019-06-13 09:06:38 INFO  LeagueFixtureSimulator:43 - Home: 106.61101759395027 Away: 60.9167604788815
2019-06-13 09:06:39 INFO  LeagueFixtureSimulator:43 - Home: 108.03347938631667 Away: 84.8166004126413
2019-06-13 09:06:39 INFO  LeagueFixtureSimulator:43 - Home: 82.57545337493376 Away: 63.725970231732155
2019-06-13 09:06:40 INFO  LeagueFixtureSimulator:43 - Home: 91.23771196936809 Away: 75.99904159547872
2019-06-13 09:06:40 INFO  LeagueFixtureSimulator:43 - Home: 86.24171575697238 Away: 73.38684695438754
2019-06-13 09:06:41 INFO  LeagueFixtureSimulator:43 - Home: 88.60105256452712 Away: 71.94974004538692
2019-06-13 09:06:43 INFO  LeagueFixtureSimulator:43 - Home: 62.88659114814898 Away: 106.42656036338695
2019-06-13 09:06:44 INFO  LeagueFixtureSimulator:43 - Home: 103.13160831232257 Away: 79.22152735352124
2019-06-13 09:06:44 INFO  LeagueFixtureSimulator:43 - Home: 100.21718067954535 Away: 84.59825195973305
2019-06-13 09:06:45 INFO  LeagueFixtureSimulator:43 - Home: 79.02749358227257 Away: 43.142051486300296
2019-06-13 09:06:45 INFO  LeagueFixtureSimulator:43 - Home: 57.10090959708813 Away: 92.64197748720316
2019-06-13 09:06:46 INFO  LeagueFixtureSimulator:43 - Home: 85.63486339924805 Away: 95.1781131866499
2019-06-13 09:07:21 INFO  LeagueFixtureSimulator:43 - Home: 91.70035120432561 Away: 58.04485307908776
2019-06-13 09:07:22 INFO  LeagueFixtureSimulator:43 - Home: 81.43557458620585 Away: 60.34879220918287
2019-06-13 09:07:22 INFO  LeagueFixtureSimulator:43 - Home: 115.1695821146468 Away: 64.50730183251179
2019-06-13 09:07:23 INFO  LeagueFixtureSimulator:43 - Home: 97.07116190043075 Away: 77.69996213699052
2019-06-13 09:07:23 INFO  LeagueFixtureSimulator:43 - Home: 79.4072158133336 Away: 103.41311368093301
2019-06-13 09:07:24 INFO  LeagueFixtureSimulator:43 - Home: 99.18648456183229 Away: 74.62188133175104
2019-06-13 09:07:37 INFO  LeagueFixtureSimulator:43 - Home: 100.38187077290158 Away: 87.39019017751559
2019-06-13 09:07:37 INFO  LeagueFixtureSimulator:43 - Home: 114.77936876946191 Away: 82.7909038128459
2019-06-13 09:07:38 INFO  LeagueFixtureSimulator:43 - Home: 80.58585475018693 Away: 63.357630456212874
2019-06-13 09:07:38 INFO  LeagueFixtureSimulator:43 - Home: 54.867257996151714 Away: 74.12952043562522
2019-06-13 09:07:39 INFO  LeagueFixtureSimulator:43 - Home: 118.65554024248735 Away: 55.41186638481894
2019-06-13 09:07:39 INFO  LeagueFixtureSimulator:43 - Home: 71.70436462681272 Away: 72.01813865805751
