2019-06-13 12:12:43 INFO  Team:197 - Lost last 8: Hull KR
2019-06-13 12:12:47 INFO  Team:197 - Lost last 8: Hull KR
2019-06-13 12:12:52 INFO  Team:203 - Finally won: Hull KR
2019-06-13 12:12:56 INFO  Team:197 - Lost last 8: London Broncos
2019-06-13 12:12:59 INFO  Team:197 - Lost last 8: London Broncos
2019-06-13 12:13:02 INFO  Team:197 - Lost last 8: London Broncos
2019-06-13 12:13:08 INFO  Team:203 - Finally won: London Broncos
2019-06-13 12:16:02 INFO  Team:197 - Lost last 8: Huddersfield Giants
2019-06-13 12:16:05 INFO  Team:197 - Lost last 8: Huddersfield Giants
2019-06-13 12:16:09 INFO  Team:203 - Finally won: Huddersfield Giants
2019-06-13 14:19:28 INFO  Team:229 - Lost last 8: London Broncos
2019-06-13 14:19:45 INFO  Team:229 - Lost last 8: London Broncos
2019-06-13 14:20:03 INFO  Team:235 - Finally won: London Broncos
2019-06-13 14:20:41 INFO  Team:229 - Lost last 8: Bradford Bulls
2019-06-13 14:20:59 INFO  Team:229 - Lost last 8: Bradford Bulls
2019-06-13 14:21:17 INFO  Team:229 - Lost last 8: Swinton Lions
2019-06-13 14:21:19 INFO  Team:229 - Lost last 8: Bradford Bulls
2019-06-13 14:21:35 INFO  Team:235 - Finally won: Swinton Lions
2019-06-13 14:21:37 INFO  Team:229 - Lost last 8: Bradford Bulls
2019-06-13 14:21:52 INFO  Team:235 - Finally won: Bradford Bulls
2019-06-13 14:22:09 INFO  Team:229 - Lost last 8: Salford Red Devils
2019-06-13 14:22:26 INFO  Team:229 - Lost last 8: Salford Red Devils
2019-06-13 14:22:26 INFO  Team:229 - Lost last 8: Huddersfield Giants
2019-06-13 14:22:28 INFO  Team:229 - Lost last 8: London Broncos
2019-06-13 14:22:43 INFO  Team:229 - Lost last 8: Salford Red Devils
2019-06-13 14:22:44 INFO  Team:235 - Finally won: Huddersfield Giants
2019-06-13 14:22:46 INFO  Team:229 - Lost last 8: London Broncos
2019-06-13 14:23:03 INFO  Team:235 - Finally won: London Broncos
2019-06-13 14:23:04 INFO  Team:229 - Lost last 8: Salford Red Devils
2019-06-13 14:23:23 INFO  Team:235 - Finally won: Salford Red Devils
2019-06-13 14:23:26 INFO  Team:229 - Lost last 8: Leigh Centurians
2019-06-13 14:23:44 INFO  Team:229 - Lost last 8: Leigh Centurians
2019-06-13 14:24:05 INFO  Team:235 - Finally won: Leigh Centurians
2019-06-13 14:45:30 INFO  Team:229 - Lost last 8: Castleford Tigers
2019-06-13 14:48:03 INFO  Team:235 - Finally won: Castleford Tigers
2019-06-13 14:57:20 INFO  Team:229 - Lost last 8: London Broncos
2019-06-13 14:57:23 INFO  Team:229 - Lost last 8: Barrow Raiders
2019-06-13 14:57:39 INFO  Team:229 - Lost last 8: London Broncos
2019-06-13 14:57:42 INFO  Team:229 - Lost last 8: Barrow Raiders
2019-06-13 14:57:56 INFO  Team:229 - Lost last 8: London Broncos
2019-06-13 14:57:59 INFO  Team:229 - Lost last 8: Barrow Raiders
2019-06-13 14:58:13 INFO  Team:235 - Finally won: London Broncos
2019-06-13 14:58:19 INFO  Team:235 - Finally won: Barrow Raiders
2019-06-13 14:59:15 INFO  Team:229 - Lost last 8: Halifax
2019-06-13 14:59:31 INFO  Team:229 - Lost last 8: Castleford Tigers
2019-06-13 14:59:34 INFO  Team:229 - Lost last 8: Halifax
2019-06-13 14:59:48 INFO  Team:235 - Finally won: Castleford Tigers
2019-06-13 14:59:52 INFO  Team:229 - Lost last 8: Halifax
2019-06-13 15:00:09 INFO  Team:235 - Finally won: Halifax
2019-06-13 15:09:28 INFO  Team:229 - Lost last 8: Barrow Raiders
2019-06-13 15:09:29 INFO  Team:229 - Lost last 8: Huddersfield Giants
2019-06-13 15:09:29 INFO  Team:229 - Lost last 8: Barrow Raiders
2019-06-13 15:09:29 INFO  Team:229 - Lost last 8: Huddersfield Giants
2019-06-13 15:09:29 INFO  Team:235 - Finally won: Barrow Raiders
2019-06-13 15:09:29 INFO  Team:229 - Lost last 8: Huddersfield Giants
2019-06-13 15:09:29 INFO  Team:229 - Lost last 8: Huddersfield Giants
2019-06-13 15:09:29 INFO  Team:235 - Finally won: Huddersfield Giants
2019-06-13 15:09:29 INFO  Team:229 - Lost last 8: Wakefield Wildcats
2019-06-13 15:09:30 INFO  Team:229 - Lost last 8: Wakefield Wildcats
2019-06-13 15:09:30 INFO  Team:229 - Lost last 8: York City Knights
2019-06-13 15:09:30 INFO  Team:235 - Finally won: Wakefield Wildcats
2019-06-13 15:09:30 INFO  Team:235 - Finally won: York City Knights
2019-06-13 15:09:30 INFO  Team:229 - Lost last 8: Swinton Lions
2019-06-13 15:09:30 INFO  Team:229 - Lost last 8: Swinton Lions
2019-06-13 15:09:31 INFO  Team:229 - Lost last 8: Swinton Lions
2019-06-13 15:09:31 INFO  Team:235 - Finally won: Swinton Lions
2019-06-13 15:09:32 INFO  Team:229 - Lost last 8: Batley Bulldogs
2019-06-13 15:09:33 INFO  Team:229 - Lost last 8: Huddersfield Giants
2019-06-13 15:09:33 INFO  Team:235 - Finally won: Batley Bulldogs
2019-06-13 15:09:38 INFO  Team:229 - Lost last 8: Huddersfield Giants
